2019-09-12 10:39:35	1 12345678	200000	15	192.168.1.143.60017 
2019-09-12 10:41:10	1 12345678	200000	15	192.168.1.143.60072 
2019-09-12 10:46:43	1 12345678	200000	15	192.168.1.143.60196 
2019-09-12 10:51:26	1 12345678	200000	15	192.168.1.143.60300 
2019-09-12 11:00:08	1 12345678	200000	15	192.168.1.143.60499 
2019-09-12 11:01:00	1 12345678	200000	15	192.168.1.143.60524 
2019-09-12 11:47:38	1 12345678	200000	15	192.168.1.143.61640 
2019-09-12 11:49:13	1 12345678	200000	15	192.168.1.143.61676 
2019-09-12 11:50:12	1 12345678	200000	15	192.168.1.143.61700 
2019-09-12 11:51:10	1 12345678	200000	15	192.168.1.143.61725 
2019-09-12 11:57:06	1 12345678	200000	15	192.168.1.143.61898 
2019-09-12 12:04:44	1 12345678	200000	19	192.168.1.143.62064 
2019-09-12 13:02:27	1 12345678	200000	19	192.168.1.143.63768 
2019-09-12 13:06:50	1 12345678	200000	19	192.168.1.143.63877 
2019-09-12 13:32:59	1 12345678	200000	19	192.168.1.143.64483 
2019-09-12 13:34:52	1 12345678	200000	19	192.168.1.143.64531 
2019-09-12 13:36:06	1 12345678	200000	19	192.168.1.143.64566 
2019-09-12 13:37:29	1 12345678	200000	19	192.168.1.143.64604 
2019-09-12 13:38:13	1 12345678	200000	19	192.168.1.143.64624 
2019-09-12 13:45:00	1 12345678	200000	19	192.168.1.143.64816 
2019-09-12 14:26:06	1 12345678	200000	19	192.168.1.143.49278 
2019-09-12 14:28:49	1 test1	200009	22	192.168.1.163.62784 
2019-09-12 14:29:23	1 12345678	200000	19	192.168.1.143.49367 
2019-09-12 14:34:08	1 12345678	200000	31	192.168.1.143.49477 
2019-09-12 14:39:47	1 12345678	200000	31	192.168.1.143.49602 
2019-09-12 14:40:04	1 12345678	200000	31	192.168.1.143.49613 
2019-09-12 14:40:45	1 12345678	200000	31	192.168.1.143.49633 
2019-09-12 14:57:49	1 12345678	200000	31	192.168.1.143.50078 
2019-09-12 15:01:16	1 test1	200009	31	192.168.1.163.6218 
2019-09-12 15:13:05	1 12345678	200000	31	192.168.1.143.50444 
