2019-09-10 14:54:16	1	1	1	test1	200008	1	1	2	1972	1972	完成任务：1000
2019-09-10 14:54:43	1	1	1	test1	200008	1	1	2	2268	4240	完成任务：1010
2019-09-10 14:54:59	1	1	1	test1	200008	1	1	2	2608	6848	完成任务：1020
2019-09-10 14:55:46	1	1	1	test1	200008	50	1	0	20	20	完成成就ID：100
2019-09-10 14:55:46	1	1	1	test1	200008	105	1	0	50	50	完成成就ID：100
2019-09-10 14:55:56	1	1	1	test1	200008	1	1	2	2999	9847	完成任务：1030
2019-09-10 14:56:17	1	1	1	test1	200008	1	1	2	3449	13296	完成任务：1040
2019-09-10 15:00:07	1	1	1	test1	200008	1	1	2	3966	17262	完成任务：1050
2019-09-10 15:06:04	1	1	1	test1	200008	1	1	2	4561	21823	完成任务：1051
2019-09-10 15:06:14	1	1	1	test1	200008	1	1	2	5245	27068	完成任务：1060
2019-09-10 16:22:22	1	1	1	test1	200009	1	1	2	1972	1972	完成任务：1000
2019-09-10 16:22:55	1	1	1	test1	200009	1	1	2	2268	4240	完成任务：1010
2019-09-10 16:23:08	1	1	1	test1	200009	1	1	2	2608	6848	完成任务：1020
2019-09-10 16:23:38	1	1	1	test1	200009	50	1	0	20	20	完成成就ID：100
2019-09-10 16:23:38	1	1	1	test1	200009	105	1	0	50	50	完成成就ID：100
2019-09-10 16:23:47	1	1	1	test1	200009	1	1	2	2999	9847	完成任务：1030
2019-09-10 16:24:12	1	1	1	test1	200009	1	1	2	3449	13296	完成任务：1040
2019-09-10 16:24:45	1	1	1	test1	200009	1	1	2	3966	17262	完成任务：1050
2019-09-10 16:25:01	1	1	1	test1	200009	1	1	2	4561	21823	完成任务：1051
2019-09-10 16:25:11	1	1	1	test1	200009	1	1	2	5245	27068	完成任务：1060
2019-09-10 16:25:19	1	1	1	test1	200009	1	1	2	6032	33100	完成任务：1061
2019-09-10 16:25:26	1	1	1	test1	200009	1	1	2	6937	40037	完成任务：1070
2019-09-10 16:25:53	1	1	1	test1	200009	1	1	2	7977	48014	完成任务：1071
2019-09-10 16:25:56	1	1	1	test1	200009	1	1	2	9174	57188	完成任务：1080
