2019-09-10 14:54:16	1	test1	200008	2	1000
2019-09-10 14:54:43	1	test1	200008	3	1010
2019-09-10 14:54:59	1	test1	200008	3	1020
2019-09-10 14:55:56	1	test1	200008	5	1030
2019-09-10 14:56:17	1	test1	200008	6	1040
2019-09-10 15:00:07	1	test1	200008	8	1050
2019-09-10 15:06:04	1	test1	200008	10	1051
2019-09-10 15:06:14	1	test1	200008	10	1060
2019-09-10 16:22:22	1	test1	200009	2	1000
2019-09-10 16:22:55	1	test1	200009	3	1010
2019-09-10 16:23:08	1	test1	200009	3	1020
2019-09-10 16:23:47	1	test1	200009	5	1030
2019-09-10 16:24:12	1	test1	200009	6	1040
2019-09-10 16:24:45	1	test1	200009	8	1050
2019-09-10 16:25:01	1	test1	200009	10	1051
2019-09-10 16:25:11	1	test1	200009	10	1060
2019-09-10 16:25:19	1	test1	200009	11	1061
2019-09-10 16:25:26	1	test1	200009	11	1070
2019-09-10 16:25:53	1	test1	200009	12	1071
2019-09-10 16:25:56	1	test1	200009	12	1080
