2019-09-11 15:06:26	1 test1	200009	12	192.168.1.163.57800 
2019-09-11 16:35:52	1 12345678	200001	34	192.168.1.143.51101 
2019-09-11 16:55:45	1 12345678	200000	11	192.168.1.143.51719 
2019-09-11 17:11:06	1 12345678	200000	12	192.168.1.143.52173 
2019-09-11 17:16:03	1 test1	200009	15	192.168.1.163.28274 
2019-09-11 17:36:37	1 test1	200009	15	192.168.1.163.34271 
2019-09-11 18:06:29	1 12345678	200000	12	192.168.1.143.53772 
2019-09-11 18:07:17	1 12345678	200000	12	192.168.1.143.53802 
2019-09-11 18:08:55	1 12345678	200000	12	192.168.1.143.53893 
2019-09-11 18:09:35	1 12345678	200000	12	192.168.1.143.53932 
2019-09-11 18:10:09	1 12345678	200000	12	192.168.1.143.53965 
2019-09-11 18:21:00	1 12345678	200000	12	192.168.1.143.54547 
2019-09-11 18:32:09	1 12345678	200000	12	192.168.1.143.55143 
2019-09-11 18:36:24	1 12345678	200000	12	192.168.1.143.55243 
2019-09-11 18:37:31	1 12345678	200000	12	192.168.1.143.55275 
2019-09-11 18:37:51	1 12345678	200000	12	192.168.1.143.55287 
2019-09-11 18:39:40	1 12345678	200000	12	192.168.1.143.55330 
2019-09-11 18:42:00	1 12345678	200000	12	192.168.1.143.55390 
2019-09-11 18:48:32	1 12345678	200000	12	192.168.1.143.55558 
2019-09-11 18:53:30	1 12345678	200000	13	192.168.1.143.55670 
2019-09-11 18:53:51	1 12345678	200000	13	192.168.1.143.55682 
2019-09-11 18:58:52	1 12345678	200000	15	192.168.1.143.55800 
2019-09-11 19:13:56	1 test1	200009	15	192.168.1.163.60404 
2019-09-11 19:17:40	1 test1	200009	15	192.168.1.163.61376 
