2019-09-07 10:15:39	1	123896548	200003	5	60	1005101	1	1	0	0		0	1900-01-01 12:00:00	1	任务奖励	0	0	0	0	1	0	0
2019-09-07 10:19:25	1	123896548	200003	8	61	1000101	1	1	0	0		0	1900-01-01 12:00:00	1	任务奖励	0	0	0	0	256	0	0
2019-09-07 10:19:27	1	123896548	200003	8	61	1000101	1	1	0	0		0	1900-01-01 12:00:00	0	客户端修改	0	0	0	0	256	0	0
2019-09-07 10:21:30	1	123896548	200003	11	62	4000	1	1	0	0		0	1900-01-01 12:00:00	1	任务奖励	0	0	0	0	0	0	0
2019-09-07 10:21:47	1	123896548	200003	12	63	2016	5	1	0	0		0	1900-01-01 12:00:00	5	任务奖励	0	0	0	0	0	0	0
2019-09-07 10:21:57	1	123896548	200003	12	63	2016	4	1	0	0		0	1900-01-01 12:00:00	-1	物品使用	0	0	0	0	0	0	0
2019-09-07 10:21:58	1	123896548	200003	12	63	2016	3	1	0	0		0	1900-01-01 12:00:00	-1	物品使用	0	0	0	0	0	0	0
2019-09-07 10:21:59	1	123896548	200003	12	63	2016	2	1	0	0		0	1900-01-01 12:00:00	-1	物品使用	0	0	0	0	0	0	0
2019-09-07 10:21:59	1	123896548	200003	12	63	2016	1	1	0	0		0	1900-01-01 12:00:00	-1	物品使用	0	0	0	0	0	0	0
2019-09-07 10:21:59	1	123896548	200003	12	63	2016	0	1	0	0		0	1900-01-01 12:00:00	-1	物品使用	0	0	0	0	0	0	0
2019-09-07 13:37:43	1	123896548	200003	13	64	50016	1	1	0	0		0	1900-01-01 12:00:00	1	连续登陆奖励物品	0	0	0	0	0	0	0
2019-09-07 13:37:43	1	123896548	200003	13	65	4042	1	1	0	0		0	1900-01-01 12:00:00	1	连续登陆奖励物品	0	0	0	0	0	0	0
2019-09-07 13:39:14	1	123896548	200003	15	66	1000001	1	1	0	0		0	1900-01-01 12:00:00	1	任务奖励	0	0	0	0	768	0	0
2019-09-07 13:39:14	1	123896548	200003	15	67	50016	1	1	0	0		-1000	1900-01-01 12:00:00	1	引导给物品到仓库	0	0	0	0	0	0	0
2019-09-07 13:39:17	1	123896548	200003	15	66	1000001	1	1	0	0		0	1900-01-01 12:00:00	0	客户端修改	0	0	0	0	768	0	0
2019-09-07 13:39:55	1	123896548	200002	61	46	1011	99	1	0	0		0	1900-01-01 12:00:00	0	重置背包索引	0	0	0	0	0	0	0
2019-09-07 13:39:55	1	123896548	200002	61	47	1111	86	1	0	0		0	1900-01-01 12:00:00	0	重置背包索引	0	0	0	0	0	0	0
2019-09-07 13:39:55	1	123896548	200002	61	17	1111	99	1	0	0		0	1900-01-01 12:00:00	0	重置背包索引	0	0	0	0	0	0	0
2019-09-07 13:39:55	1	123896548	200002	61	47	1111	86	1	0	0		0	1900-01-01 12:00:00	0	重置背包索引	0	0	0	0	0	0	0
2019-09-07 13:39:55	1	123896548	200002	61	16	1011	99	1	0	0		0	1900-01-01 12:00:00	0	重置背包索引	0	0	0	0	0	0	0
2019-09-07 13:39:55	1	123896548	200002	61	46	1011	99	1	0	0		0	1900-01-01 12:00:00	0	重置背包索引	0	0	0	0	0	0	0
2019-09-07 13:40:01	1	123896548	200002	61	68	50016	1	1	0	0		0	1900-01-01 12:00:00	1	连续登陆奖励物品	0	0	0	0	0	0	0
2019-09-07 13:40:01	1	123896548	200002	61	41	2016	16	1	0	0		0	1900-01-01 12:00:00	1	连续登陆奖励物品	0	0	0	0	0	0	0
2019-09-07 13:40:14	1	123896548	200002	62	69	2001	3	1	0	0		0	1900-01-01 12:00:00	3	任务奖励	0	0	0	0	0	0	0
2019-09-07 13:40:29	1	123896548	200002	62	69	2001	2	1	0	0		0	1900-01-01 12:00:00	-1	物品使用	0	0	0	0	0	0	0
2019-09-07 13:40:29	1	123896548	200002	62	38	1025401	1	1	0	1		0	1900-01-01 12:00:00	0	强化	0	0	0	82	235	0	0
2019-09-07 13:40:32	1	123896548	200002	62	69	2001	1	1	0	0		0	1900-01-01 12:00:00	-1	物品使用	0	0	0	0	0	0	0
2019-09-07 13:40:32	1	123896548	200002	62	38	1025401	1	1	0	2		0	1900-01-01 12:00:00	0	强化	0	0	0	82	235	0	0
2019-09-07 13:40:33	1	123896548	200002	62	69	2001	0	1	0	0		0	1900-01-01 12:00:00	-1	物品使用	0	0	0	0	0	0	0
2019-09-07 13:40:33	1	123896548	200002	62	38	1025401	1	1	0	3		0	1900-01-01 12:00:00	0	强化	0	0	0	82	235	0	0
2019-09-07 13:41:02	1	123896548	200002	62	41	2016	21	1	0	0		0	1900-01-01 12:00:00	5	任务奖励	0	0	0	0	0	0	0
2019-09-07 13:41:36	1	123896548	200002	63	70	2017	5	1	0	0		0	1900-01-01 12:00:00	5	任务奖励	0	0	0	0	0	0	0
2019-09-07 13:43:00	1	123896548	200002	64	17	1111	98	1	0	0		0	1900-01-01 12:00:00	-1	物品使用	0	0	0	0	0	0	0
2019-09-07 13:43:15	1	123896548	200002	64	17	1111	97	1	0	0		0	1900-01-01 12:00:00	-1	物品使用	0	0	0	0	0	0	0
2019-09-07 13:43:26	1	123896548	200002	64	17	1111	96	1	0	0		0	1900-01-01 12:00:00	-1	物品使用	0	0	0	0	0	0	0
2019-09-07 13:43:41	1	123896548	200002	66	71	1025402	1	1	0	0		0	1900-01-01 12:00:00	1	任务奖励	0	0	0	0	3	0	0
2019-09-07 13:43:42	1	123896548	200002	66	38	1025401	1	1	0	3		0	1900-01-01 12:00:00	0	客户端修改	0	0	0	97	235	0	0
2019-09-07 13:43:42	1	123896548	200002	66	71	1025402	1	1	0	0		0	1900-01-01 12:00:00	0	客户端修改	0	0	0	0	3	0	0
2019-09-07 13:44:28	1	123896548	200002	68	17	1111	95	1	0	0		0	1900-01-01 12:00:00	-1	物品使用	0	0	0	0	0	0	0
2019-09-07 13:44:38	1	123896548	200002	68	17	1111	94	1	0	0		0	1900-01-01 12:00:00	-1	物品使用	0	0	0	0	0	0	0
2019-09-07 13:44:54	1	123896548	200002	68	17	1111	93	1	0	0		0	1900-01-01 12:00:00	-1	物品使用	0	0	0	0	0	0	0
2019-09-07 13:45:06	1	123896548	200002	68	17	1111	92	1	0	0		0	1900-01-01 12:00:00	-1	物品使用	0	0	0	0	0	0	0
2019-09-07 13:46:28	1	123896548	200002	69	72	1020102	1	1	0	0		0	1900-01-01 12:00:00	1	任务奖励	0	0	0	0	768	0	0
2019-09-07 13:46:30	1	123896548	200002	69	26	1020101	1	1	0	0		0	1900-01-01 12:00:00	0	客户端修改	0	0	0	4	256	0	0
2019-09-07 13:46:30	1	123896548	200002	69	72	1020102	1	1	0	0		0	1900-01-01 12:00:00	0	客户端修改	0	0	0	0	768	0	0
2019-09-07 13:46:52	1	123896548	200002	69	17	1111	91	1	0	0		0	1900-01-01 12:00:00	-1	物品使用	0	0	0	0	0	0	0
2019-09-07 13:47:10	1	123896548	200002	69	17	1111	90	1	0	0		0	1900-01-01 12:00:00	-1	物品使用	0	0	0	0	0	0	0
2019-09-07 13:47:22	1	123896548	200002	69	17	1111	89	1	0	0		0	1900-01-01 12:00:00	-1	物品使用	0	0	0	0	0	0	0
2019-09-07 13:47:34	1	123896548	200002	69	17	1111	88	1	0	0		0	1900-01-01 12:00:00	-1	物品使用	0	0	0	0	0	0	0
2019-09-07 13:47:50	1	123896548	200002	69	17	1111	87	1	0	0		0	1900-01-01 12:00:00	-1	物品使用	0	0	0	0	0	0	0
2019-09-07 13:48:06	1	123896548	200002	69	17	1111	86	1	0	0		0	1900-01-01 12:00:00	-1	物品使用	0	0	0	0	0	0	0
2019-09-07 13:48:26	1	123896548	200002	69	17	1111	85	1	0	0		0	1900-01-01 12:00:00	-1	物品使用	0	0	0	0	0	0	0
2019-09-07 13:48:38	1	123896548	200002	69	17	1111	84	1	0	0		0	1900-01-01 12:00:00	-1	物品使用	0	0	0	0	0	0	0
2019-09-07 13:48:56	1	123896548	200002	69	17	1111	83	1	0	0		0	1900-01-01 12:00:00	-1	物品使用	0	0	0	0	0	0	0
2019-09-07 13:49:12	1	123896548	200002	69	17	1111	82	1	0	0		0	1900-01-01 12:00:00	-1	物品使用	0	0	0	0	0	0	0
2019-09-07 13:49:28	1	123896548	200002	69	17	1111	81	1	0	0		0	1900-01-01 12:00:00	-1	物品使用	0	0	0	0	0	0	0
2019-09-07 13:49:55	1	123896548	200002	70	73	1011	99	1	0	0		0	1900-01-01 12:00:00	99	任务奖励	0	0	0	0	0	0	0
2019-09-07 13:49:55	1	123896548	200002	70	17	1111	99	1	0	0		0	1900-01-01 12:00:00	18	任务奖励	0	0	0	0	0	0	0
2019-09-07 13:49:55	1	123896548	200002	70	47	1111	99	1	0	0		0	1900-01-01 12:00:00	13	任务奖励	0	0	0	0	0	0	0
2019-09-07 13:49:55	1	123896548	200002	70	74	1111	68	1	0	0		0	1900-01-01 12:00:00	68	任务奖励	0	0	0	0	0	0	0
2019-09-07 13:52:06	1	123896548	200002	70	17	1111	98	1	0	0		0	1900-01-01 12:00:00	-1	物品使用	0	0	0	0	0	0	0
2019-09-07 13:52:18	1	123896548	200002	70	17	1111	97	1	0	0		0	1900-01-01 12:00:00	-1	物品使用	0	0	0	0	0	0	0
2019-09-07 13:52:30	1	123896548	200002	70	17	1111	96	1	0	0		0	1900-01-01 12:00:00	-1	物品使用	0	0	0	0	0	0	0
2019-09-07 13:52:55	1	123896548	200002	70	17	1111	95	1	0	0		0	1900-01-01 12:00:00	-1	物品使用	0	0	0	0	0	0	0
2019-09-07 13:53:10	1	123896548	200002	70	17	1111	94	1	0	0		0	1900-01-01 12:00:00	-1	物品使用	0	0	0	0	0	0	0
2019-09-07 13:53:29	1	123896548	200002	70	17	1111	93	1	0	0		0	1900-01-01 12:00:00	-1	物品使用	0	0	0	0	0	0	0
2019-09-07 13:53:41	1	123896548	200002	70	17	1111	92	1	0	0		0	1900-01-01 12:00:00	-1	物品使用	0	0	0	0	0	0	0
2019-09-07 13:53:51	1	123896548	200002	70	17	1111	91	1	0	0		0	1900-01-01 12:00:00	-1	物品使用	0	0	0	0	0	0	0
2019-09-07 13:54:14	1	123896548	200002	71	75	1020002	1	1	0	0		0	1900-01-01 12:00:00	1	任务奖励	0	0	0	0	768	0	0
2019-09-07 13:54:15	1	123896548	200002	71	30	1020001	1	1	0	0		0	1900-01-01 12:00:00	0	客户端修改	0	0	0	4	768	0	0
2019-09-07 13:54:15	1	123896548	200002	71	75	1020002	1	1	0	0		0	1900-01-01 12:00:00	0	客户端修改	0	0	0	0	768	0	0
2019-09-07 13:54:50	1	123896548	200002	75	76	6004	1	1	0	0		0	1900-01-01 12:00:00	1	任务奖励	0	0	0	0	0	0	0
2019-09-07 13:54:50	1	123896548	200002	75	77	6005	1	1	0	0		0	1900-01-01 12:00:00	1	任务奖励	0	0	0	0	0	0	0
2019-09-07 13:54:50	1	123896548	200002	75	78	2000	1	1	0	0		0	1900-01-01 12:00:00	1	任务奖励	0	0	0	0	0	0	0
2019-09-07 13:55:57	1	123896548	200002	75	17	1111	90	1	0	0		0	1900-01-01 12:00:00	-1	物品使用	0	0	0	0	0	0	0
2019-09-07 13:56:08	1	123896548	200002	75	17	1111	89	1	0	0		0	1900-01-01 12:00:00	-1	物品使用	0	0	0	0	0	0	0
2019-09-07 13:56:27	1	123896548	200002	75	17	1111	88	1	0	0		0	1900-01-01 12:00:00	-1	物品使用	0	0	0	0	0	0	0
2019-09-07 13:56:43	1	123896548	200002	75	17	1111	87	1	0	0		0	1900-01-01 12:00:00	-1	物品使用	0	0	0	0	0	0	0
2019-09-07 13:57:03	1	123896548	200002	75	17	1111	86	1	0	0		0	1900-01-01 12:00:00	-1	物品使用	0	0	0	0	0	0	0
2019-09-07 13:57:12	1	123896548	200002	75	17	1111	85	1	0	0		0	1900-01-01 12:00:00	-1	物品使用	0	0	0	0	0	0	0
2019-09-07 13:57:18	1	123896548	200002	75	16	1011	98	1	0	0		0	1900-01-01 12:00:00	-1	物品使用	0	0	0	0	0	0	0
2019-09-07 13:57:20	1	123896548	200002	75	16	1011	97	1	0	0		0	1900-01-01 12:00:00	-1	物品使用	0	0	0	0	0	0	0
2019-09-07 13:57:26	1	123896548	200002	75	17	1111	84	1	0	0		0	1900-01-01 12:00:00	-1	物品使用	0	0	0	0	0	0	0
2019-09-07 13:57:35	1	123896548	200002	75	17	1111	83	1	0	0		0	1900-01-01 12:00:00	-1	物品使用	0	0	0	0	0	0	0
2019-09-07 13:57:37	1	123896548	200002	75	16	1011	96	1	0	0		0	1900-01-01 12:00:00	-1	物品使用	0	0	0	0	0	0	0
2019-09-07 13:57:39	1	123896548	200002	75	16	1011	95	1	0	0		0	1900-01-01 12:00:00	-1	物品使用	0	0	0	0	0	0	0
2019-09-07 13:57:45	1	123896548	200002	75	16	1011	94	1	0	0		0	1900-01-01 12:00:00	-1	物品使用	0	0	0	0	0	0	0
2019-09-07 13:59:08	1	123896548	200002	76	79	1020202	1	1	0	0		0	1900-01-01 12:00:00	1	任务奖励	0	0	0	0	768	0	0
2019-09-07 13:59:13	1	123896548	200002	78	34	1020201	1	1	0	0		0	1900-01-01 12:00:00	0	客户端修改	0	0	0	5	768	0	0
2019-09-07 13:59:13	1	123896548	200002	78	79	1020202	1	1	0	0		0	1900-01-01 12:00:00	0	客户端修改	0	0	0	0	768	0	0
2019-09-07 13:59:41	1	123896548	200002	78	17	1111	82	1	0	0		0	1900-01-01 12:00:00	-1	物品使用	0	0	0	0	0	0	0
2019-09-07 13:59:53	1	123896548	200002	78	17	1111	81	1	0	0		0	1900-01-01 12:00:00	-1	物品使用	0	0	0	0	0	0	0
2019-09-07 14:00:05	1	123896548	200002	78	17	1111	80	1	0	0		0	1900-01-01 12:00:00	-1	物品使用	0	0	0	0	0	0	0
2019-09-07 14:00:17	1	123896548	200002	78	17	1111	79	1	0	0		0	1900-01-01 12:00:00	-1	物品使用	0	0	0	0	0	0	0
2019-09-07 14:00:29	1	123896548	200002	78	17	1111	78	1	0	0		0	1900-01-01 12:00:00	-1	物品使用	0	0	0	0	0	0	0
2019-09-07 14:00:40	1	123896548	200002	78	17	1111	77	1	0	0		0	1900-01-01 12:00:00	-1	物品使用	0	0	0	0	0	0	0
2019-09-07 14:00:53	1	123896548	200002	78	17	1111	76	1	0	0		0	1900-01-01 12:00:00	-1	物品使用	0	0	0	0	0	0	0
2019-09-07 14:01:55	1	123896548	200002	79	17	1111	75	1	0	0		0	1900-01-01 12:00:00	-1	物品使用	0	0	0	0	0	0	0
2019-09-07 14:02:07	1	123896548	200002	79	17	1111	74	1	0	0		0	1900-01-01 12:00:00	-1	物品使用	0	0	0	0	0	0	0
2019-09-07 14:02:22	1	123896548	200002	79	17	1111	73	1	0	0		0	1900-01-01 12:00:00	-1	物品使用	0	0	0	0	0	0	0
2019-09-07 14:02:35	1	123896548	200002	79	17	1111	72	1	0	0		0	1900-01-01 12:00:00	-1	物品使用	0	0	0	0	0	0	0
2019-09-07 14:02:47	1	123896548	200002	79	17	1111	71	1	0	0		0	1900-01-01 12:00:00	-1	物品使用	0	0	0	0	0	0	0
2019-09-07 14:03:01	1	123896548	200002	79	17	1111	70	1	0	0		0	1900-01-01 12:00:00	-1	物品使用	0	0	0	0	0	0	0
2019-09-07 14:03:18	1	123896548	200002	79	17	1111	69	1	0	0		0	1900-01-01 12:00:00	-1	物品使用	0	0	0	0	0	0	0
2019-09-07 14:03:38	1	123896548	200002	81	80	1020602	1	1	0	0		0	1900-01-01 12:00:00	1	任务奖励	0	0	0	0	768	0	0
2019-09-07 14:03:42	1	123896548	200002	82	50	1020601	1	1	0	0		0	1900-01-01 12:00:00	0	客户端修改	0	0	0	3	768	0	0
2019-09-07 14:03:42	1	123896548	200002	82	80	1020602	1	1	0	0		0	1900-01-01 12:00:00	0	客户端修改	0	0	0	0	768	0	0
2019-09-07 14:04:01	1	123896548	200002	82	17	1111	68	1	0	0		0	1900-01-01 12:00:00	-1	物品使用	0	0	0	0	0	0	0
2019-09-07 14:04:17	1	123896548	200002	82	17	1111	67	1	0	0		0	1900-01-01 12:00:00	-1	物品使用	0	0	0	0	0	0	0
2019-09-07 14:04:22	1	123896548	200002	82	81	1111	1	0	0	0		0	1900-01-01 12:00:00	1	杀怪掉落后手动拾取	0	0	0	0	0	0	0
2019-09-07 14:04:22	1	123896548	200002	82	82	70205	1	0	0	0		0	1900-01-01 12:00:00	1	杀怪掉落后手动拾取	0	0	0	0	0	0	0
2019-09-07 14:04:31	1	123896548	200002	82	17	1111	66	1	0	0		0	1900-01-01 12:00:00	-1	物品使用	0	0	0	0	0	0	0
2019-09-07 14:04:43	1	123896548	200002	82	17	1111	65	1	0	0		0	1900-01-01 12:00:00	-1	物品使用	0	0	0	0	0	0	0
2019-09-07 14:04:59	1	123896548	200002	82	17	1111	64	1	0	0		0	1900-01-01 12:00:00	-1	物品使用	0	0	0	0	0	0	0
2019-09-07 14:05:10	1	123896548	200002	82	17	1111	63	1	0	0		0	1900-01-01 12:00:00	-1	物品使用	0	0	0	0	0	0	0
2019-09-07 14:05:27	1	123896548	200002	82	17	1111	62	1	0	0		0	1900-01-01 12:00:00	-1	物品使用	0	0	0	0	0	0	0
2019-09-07 14:06:21	1	123896548	200002	82	83	2001	1	1	0	0		0	1900-01-01 12:00:00	1	升级有礼奖品	0	0	0	0	0	0	0
2019-09-07 14:06:21	1	123896548	200002	82	84	2003	1	1	0	0		0	1900-01-01 12:00:00	1	升级有礼奖品	0	0	0	0	0	0	0
2019-09-07 14:06:21	1	123896548	200002	82	83	2001	3	1	0	0		0	1900-01-01 12:00:00	2	升级有礼奖品	0	0	0	0	0	0	0
2019-09-07 14:06:22	1	123896548	200002	82	84	2003	3	1	0	0		0	1900-01-01 12:00:00	2	升级有礼奖品	0	0	0	0	0	0	0
2019-09-07 14:06:22	1	123896548	200002	82	83	2001	6	1	0	0		0	1900-01-01 12:00:00	3	升级有礼奖品	0	0	0	0	0	0	0
2019-09-07 14:06:22	1	123896548	200002	82	44	2002	2	1	0	0		0	1900-01-01 12:00:00	1	升级有礼奖品	0	0	0	0	0	0	0
2019-09-07 14:06:35	1	123896548	200002	82	85	5051	1	1	0	0		0	1900-01-01 12:00:00	1	累计登陆普通奖励	0	0	0	0	0	0	0
2019-09-07 14:06:35	1	123896548	200002	82	83	2001	7	1	0	0		0	1900-01-01 12:00:00	1	累计登陆普通奖励	0	0	0	0	0	0	0
2019-09-07 14:06:35	1	123896548	200002	82	86	1020503	1	1	0	0		0	1900-01-01 12:00:00	1	累计登陆职业奖励	0	0	0	0	235	0	0
2019-09-07 14:06:36	1	123896548	200002	82	87	5052	1	1	0	0		0	1900-01-01 12:00:00	1	累计登陆普通奖励	0	0	0	0	0	0	0
2019-09-07 14:06:36	1	123896548	200002	82	83	2001	9	1	0	0		0	1900-01-01 12:00:00	2	累计登陆普通奖励	0	0	0	0	0	0	0
2019-09-07 14:06:36	1	123896548	200002	82	70	2017	6	1	0	0		0	1900-01-01 12:00:00	1	累计登陆普通奖励	0	0	0	0	0	0	0
2019-09-07 14:06:36	1	123896548	200002	82	88	1025403	1	1	0	0		0	1900-01-01 12:00:00	1	累计登陆职业奖励	0	0	0	0	235	0	0
2019-09-07 14:06:39	1	123896548	200002	82	41	2016	22	1	0	0		0	1900-01-01 12:00:00	1	每日在线奖励物品	0	0	0	0	0	0	0
2019-09-07 14:06:39	1	123896548	200002	82	41	2016	23	1	0	0		0	1900-01-01 12:00:00	1	每日在线奖励物品	0	0	0	0	0	0	0
2019-09-07 14:06:39	1	123896548	200002	82	83	2001	10	1	0	0		0	1900-01-01 12:00:00	1	每日在线奖励物品	0	0	0	0	0	0	0
2019-09-07 14:07:23	1	123896548	200002	82	17	1111	61	1	0	0		0	1900-01-01 12:00:00	-1	物品使用	0	0	0	0	0	0	0
2019-09-07 14:07:42	1	123896548	200002	82	17	1111	60	1	0	0		0	1900-01-01 12:00:00	-1	物品使用	0	0	0	0	0	0	0
2019-09-07 14:08:20	1	123896548	200002	84	89	1020302	1	1	0	0		0	1900-01-01 12:00:00	1	任务奖励	0	0	0	0	768	0	0
2019-09-07 14:08:37	1	123896548	200002	84	43	1020301	1	1	0	0		0	1900-01-01 12:00:00	0	客户端修改	0	0	0	9	768	0	0
2019-09-07 14:08:37	1	123896548	200002	84	89	1020302	1	1	0	0		0	1900-01-01 12:00:00	0	客户端修改	0	0	0	0	768	0	0
2019-09-07 14:09:21	1	123896548	200002	84	17	1111	59	1	0	0		0	1900-01-01 12:00:00	-1	物品使用	0	0	0	0	0	0	0
2019-09-07 14:09:36	1	123896548	200002	84	17	1111	58	1	0	0		0	1900-01-01 12:00:00	-1	物品使用	0	0	0	0	0	0	0
2019-09-07 14:09:44	1	123896548	200002	84	17	1111	57	1	0	0		0	1900-01-01 12:00:00	-1	物品使用	0	0	0	0	0	0	0
2019-09-07 14:09:52	1	123896548	200002	84	16	1011	93	1	0	0		0	1900-01-01 12:00:00	-1	物品使用	0	0	0	0	0	0	0
2019-09-07 14:09:54	1	123896548	200002	84	17	1111	56	1	0	0		0	1900-01-01 12:00:00	-1	物品使用	0	0	0	0	0	0	0
2019-09-07 14:10:24	1	123896548	200002	88	90	1020502	1	1	0	0		0	1900-01-01 12:00:00	1	任务奖励	0	0	0	0	43	0	0
2019-09-07 14:10:26	1	123896548	200002	88	40	1020501	1	1	0	0		0	1900-01-01 12:00:00	0	客户端修改	0	0	0	354	3	0	0
2019-09-07 14:10:26	1	123896548	200002	88	90	1020502	1	1	0	0		0	1900-01-01 12:00:00	0	客户端修改	0	0	0	0	43	0	0
2019-09-07 14:10:46	1	123896548	200002	89	91	1025502	1	1	0	0		2000	1900-01-01 12:00:00	1	祈福获取道具	0	0	1	0	235	0	0
2019-09-07 14:11:02	1	123896548	200002	89	92	1020402	1	1	0	0		0	1900-01-01 12:00:00	1	任务奖励	0	0	0	0	768	0	0
2019-09-07 14:11:03	1	123896548	200002	89	49	1020401	1	1	0	0		0	1900-01-01 12:00:00	0	客户端修改	0	0	0	6	768	0	0
2019-09-07 14:11:03	1	123896548	200002	89	92	1020402	1	1	0	0		0	1900-01-01 12:00:00	0	客户端修改	0	0	0	0	768	0	0
2019-09-07 14:11:16	1	123896548	200002	90	78	2000	2	1	0	0		0	1900-01-01 12:00:00	1	任务奖励	0	0	0	0	0	0	0
2019-09-07 14:11:16	1	123896548	200002	90	93	50020	1	1	0	0		0	1900-01-01 12:00:00	1	任务奖励	0	0	0	0	0	0	0
2019-09-07 14:12:12	1	123896548	200002	91	17	1111	55	1	0	0		0	1900-01-01 12:00:00	-1	物品使用	0	0	0	0	0	0	0
2019-09-07 14:12:32	1	123896548	200002	91	17	1111	54	1	0	0		0	1900-01-01 12:00:00	-1	物品使用	0	0	0	0	0	0	0
2019-09-07 14:12:41	1	123896548	200002	91	17	1111	53	1	0	0		0	1900-01-01 12:00:00	-1	物品使用	0	0	0	0	0	0	0
2019-09-07 14:12:56	1	123896548	200002	91	17	1111	52	1	0	0		0	1900-01-01 12:00:00	-1	物品使用	0	0	0	0	0	0	0
2019-09-07 14:13:19	1	123896548	200002	94	94	50014	1	1	0	0		0	1900-01-01 12:00:00	1	杀怪掉落后手动拾取	0	0	0	0	0	0	0
2019-09-07 14:13:19	1	123896548	200002	94	94	50014	2	1	0	0		0	1900-01-01 12:00:00	1	杀怪掉落后手动拾取	0	0	0	0	0	0	0
2019-09-07 14:13:19	1	123896548	200002	94	94	50014	3	1	0	0		0	1900-01-01 12:00:00	1	杀怪掉落后手动拾取	0	0	0	0	0	0	0
2019-09-07 14:13:19	1	123896548	200002	94	94	50014	4	1	0	0		0	1900-01-01 12:00:00	1	杀怪掉落后手动拾取	0	0	0	0	0	0	0
2019-09-07 14:13:19	1	123896548	200002	94	94	50014	5	1	0	0		0	1900-01-01 12:00:00	1	杀怪掉落后手动拾取	0	0	0	0	0	0	0
2019-09-07 14:13:19	1	123896548	200002	94	94	50014	6	1	0	0		0	1900-01-01 12:00:00	1	杀怪掉落后手动拾取	0	0	0	0	0	0	0
2019-09-07 14:13:19	1	123896548	200002	94	94	50014	7	1	0	0		0	1900-01-01 12:00:00	1	杀怪掉落后手动拾取	0	0	0	0	0	0	0
2019-09-07 14:13:19	1	123896548	200002	94	94	50014	8	1	0	0		0	1900-01-01 12:00:00	1	杀怪掉落后手动拾取	0	0	0	0	0	0	0
2019-09-07 14:13:19	1	123896548	200002	94	94	50014	9	1	0	0		0	1900-01-01 12:00:00	1	杀怪掉落后手动拾取	0	0	0	0	0	0	0
2019-09-07 14:13:19	1	123896548	200002	94	94	50014	10	1	0	0		0	1900-01-01 12:00:00	1	杀怪掉落后手动拾取	0	0	0	0	0	0	0
2019-09-07 14:13:19	1	123896548	200002	94	94	50014	11	1	0	0		0	1900-01-01 12:00:00	1	杀怪掉落后手动拾取	0	0	0	0	0	0	0
2019-09-07 14:15:00	1	123896548	200002	100	95	1020602	1	1	0	0		0	1900-01-01 12:00:00	1	任务奖励	0	0	0	0	768	0	0
2019-09-07 14:18:51	1	123896548	200002	44	96	1012	99	1	0	0		0	1900-01-01 12:00:00	99	任务奖励	0	0	0	0	0	0	0
2019-09-07 14:18:51	1	123896548	200002	44	17	1111	99	1	0	0		0	1900-01-01 12:00:00	47	任务奖励	0	0	0	0	0	0	0
2019-09-07 14:18:51	1	123896548	200002	44	74	1111	99	1	0	0		0	1900-01-01 12:00:00	31	任务奖励	0	0	0	0	0	0	0
2019-09-07 14:18:51	1	123896548	200002	44	97	1111	21	1	0	0		0	1900-01-01 12:00:00	21	任务奖励	0	0	0	0	0	0	0
2019-09-07 14:19:23	1	123896548	200002	45	17	1111	98	1	0	0		0	1900-01-01 12:00:00	-1	物品使用	0	0	0	0	0	0	0
2019-09-07 14:19:36	1	123896548	200002	45	17	1111	97	1	0	0		0	1900-01-01 12:00:00	-1	物品使用	0	0	0	0	0	0	0
2019-09-07 14:19:46	1	123896548	200002	45	17	1111	96	1	0	0		0	1900-01-01 12:00:00	-1	物品使用	0	0	0	0	0	0	0
2019-09-07 14:19:59	1	123896548	200002	45	17	1111	95	1	0	0		0	1900-01-01 12:00:00	-1	物品使用	0	0	0	0	0	0	0
2019-09-07 14:20:10	1	123896548	200002	45	17	1111	94	1	0	0		0	1900-01-01 12:00:00	-1	物品使用	0	0	0	0	0	0	0
2019-09-07 14:20:22	1	123896548	200002	45	17	1111	93	1	0	0		0	1900-01-01 12:00:00	-1	物品使用	0	0	0	0	0	0	0
2019-09-07 14:20:47	1	123896548	200002	45	98	1025403	1	1	0	0		0	1900-01-01 12:00:00	1	任务奖励	0	0	0	0	3	0	0
2019-09-07 14:20:56	1	123896548	200002	45	71	1025402	1	1	0	0		0	1900-01-01 12:00:00	0	客户端修改	0	0	0	269	3	0	0
2019-09-07 14:20:56	1	123896548	200002	45	98	1025403	1	1	0	0		0	1900-01-01 12:00:00	0	客户端修改	0	0	0	0	3	0	0
2019-09-07 14:21:31	1	123896548	200002	46	17	1111	92	1	0	0		0	1900-01-01 12:00:00	-1	物品使用	0	0	0	0	0	0	0
2019-09-07 14:21:44	1	123896548	200002	46	17	1111	91	1	0	0		0	1900-01-01 12:00:00	-1	物品使用	0	0	0	0	0	0	0
2019-09-07 14:21:59	1	123896548	200002	46	17	1111	90	1	0	0		0	1900-01-01 12:00:00	-1	物品使用	0	0	0	0	0	0	0
2019-09-07 14:22:13	1	123896548	200002	46	17	1111	89	1	0	0		0	1900-01-01 12:00:00	-1	物品使用	0	0	0	0	0	0	0
2019-09-07 14:22:25	1	123896548	200002	46	17	1111	88	1	0	0		0	1900-01-01 12:00:00	-1	物品使用	0	0	0	0	0	0	0
2019-09-07 14:22:41	1	123896548	200002	46	17	1111	87	1	0	0		0	1900-01-01 12:00:00	-1	物品使用	0	0	0	0	0	0	0
2019-09-07 14:22:55	1	123896548	200002	46	17	1111	86	1	0	0		0	1900-01-01 12:00:00	-1	物品使用	0	0	0	0	0	0	0
2019-09-07 14:23:13	1	123896548	200002	46	17	1111	85	1	0	0		0	1900-01-01 12:00:00	-1	物品使用	0	0	0	0	0	0	0
2019-09-07 14:23:26	1	123896548	200002	46	99	5105	10	1	0	0		0	1900-01-01 12:00:00	10	任务奖励	0	0	0	0	0	0	0
2019-09-07 14:23:26	1	123896548	200002	46	100	5107	10	1	0	0		0	1900-01-01 12:00:00	10	任务奖励	0	0	0	0	0	0	0
2019-09-07 14:23:30	1	123896548	200002	47	100	5107	9	1	0	0		0	1900-01-01 12:00:00	-1	物品使用	0	0	0	0	0	0	0
2019-09-07 14:23:31	1	123896548	200002	47	100	5107	8	1	0	0		0	1900-01-01 12:00:00	-1	物品使用	0	0	0	0	0	0	0
2019-09-07 14:24:08	1	123896548	200002	47	17	1111	84	1	0	0		0	1900-01-01 12:00:00	-1	物品使用	0	0	0	0	0	0	0
2019-09-07 14:24:12	1	123896548	200002	47	84	2003	6	1	0	0		0	1900-01-01 12:00:00	3	升级有礼奖品	0	0	0	0	0	0	0
2019-09-07 14:24:12	1	123896548	200002	47	83	2001	14	1	0	0		0	1900-01-01 12:00:00	4	升级有礼奖品	0	0	0	0	0	0	0
2019-09-07 14:24:12	1	123896548	200002	47	44	2002	4	1	0	0		0	1900-01-01 12:00:00	2	升级有礼奖品	0	0	0	0	0	0	0
2019-09-07 14:24:19	1	123896548	200002	47	17	1111	83	1	0	0		0	1900-01-01 12:00:00	-1	物品使用	0	0	0	0	0	0	0
2019-09-07 14:24:31	1	123896548	200002	47	17	1111	82	1	0	0		0	1900-01-01 12:00:00	-1	物品使用	0	0	0	0	0	0	0
2019-09-07 14:24:31	1	123896548	200002	47	94	50014	12	1	0	0		0	1900-01-01 12:00:00	1	副本通关获取物品	0	0	0	0	0	0	0
2019-09-07 14:24:31	1	123896548	200002	47	101	63011	1	1	0	0		0	1900-01-01 12:00:00	1	副本通关获取物品	0	0	0	0	0	0	0
2019-09-07 14:24:41	1	123896548	200002	47	17	1111	81	1	0	0		0	1900-01-01 12:00:00	-1	物品使用	0	0	0	0	0	0	0
2019-09-07 14:24:56	1	123896548	200002	47	17	1111	80	1	0	0		0	1900-01-01 12:00:00	-1	物品使用	0	0	0	0	0	0	0
2019-09-07 14:25:07	1	123896548	200002	47	17	1111	79	1	0	0		0	1900-01-01 12:00:00	-1	物品使用	0	0	0	0	0	0	0
2019-09-07 14:25:17	1	123896548	200002	47	17	1111	78	1	0	0		0	1900-01-01 12:00:00	-1	物品使用	0	0	0	0	0	0	0
2019-09-07 14:25:31	1	123896548	200002	47	17	1111	77	1	0	0		0	1900-01-01 12:00:00	-1	物品使用	0	0	0	0	0	0	0
2019-09-07 14:25:42	1	123896548	200002	47	17	1111	76	1	0	0		0	1900-01-01 12:00:00	-1	物品使用	0	0	0	0	0	0	0
2019-09-07 14:25:55	1	123896548	200002	90	17	1111	75	1	0	0		0	1900-01-01 12:00:00	-1	物品使用	0	0	0	0	0	0	0
2019-09-07 14:26:09	1	123896548	200002	90	17	1111	74	1	0	0		0	1900-01-01 12:00:00	-1	物品使用	0	0	0	0	0	0	0
2019-09-07 14:26:22	1	123896548	200002	90	102	1020103	1	1	0	0		0	1900-01-01 12:00:00	1	任务奖励	0	0	0	0	3	0	0
2019-09-07 14:26:23	1	123896548	200002	90	72	1020102	1	1	0	0		0	1900-01-01 12:00:00	0	客户端修改	0	0	0	3	768	0	0
2019-09-07 14:26:23	1	123896548	200002	90	102	1020103	1	1	0	0		0	1900-01-01 12:00:00	0	客户端修改	0	0	0	0	3	0	0
2019-09-07 14:26:38	1	123896548	200002	90	27	4000	6	1	0	0		0	1900-01-01 12:00:00	5	任务奖励	0	0	0	0	0	0	0
2019-09-07 14:29:06	1	123896548	200002	90	17	1111	73	1	0	0		0	1900-01-01 12:00:00	-1	物品使用	0	0	0	0	0	0	0
2019-09-07 14:29:15	1	123896548	200002	90	17	1111	72	1	0	0		0	1900-01-01 12:00:00	-1	物品使用	0	0	0	0	0	0	0
2019-09-07 14:29:27	1	123896548	200002	90	17	1111	71	1	0	0		0	1900-01-01 12:00:00	-1	物品使用	0	0	0	0	0	0	0
2019-09-07 14:29:37	1	123896548	200002	90	17	1111	70	1	0	0		0	1900-01-01 12:00:00	-1	物品使用	0	0	0	0	0	0	0
2019-09-07 14:29:54	1	123896548	200002	90	17	1111	69	1	0	0		0	1900-01-01 12:00:00	-1	物品使用	0	0	0	0	0	0	0
2019-09-07 14:30:07	1	123896548	200002	90	17	1111	68	1	0	0		0	1900-01-01 12:00:00	-1	物品使用	0	0	0	0	0	0	0
2019-09-07 14:30:21	1	123896548	200002	90	17	1111	67	1	0	0		0	1900-01-01 12:00:00	-1	物品使用	0	0	0	0	0	0	0
2019-09-07 14:30:33	1	123896548	200002	90	17	1111	66	1	0	0		0	1900-01-01 12:00:00	-1	物品使用	0	0	0	0	0	0	0
2019-09-07 14:30:46	1	123896548	200002	90	17	1111	65	1	0	0		0	1900-01-01 12:00:00	-1	物品使用	0	0	0	0	0	0	0
2019-09-07 14:30:57	1	123896548	200002	90	17	1111	64	1	0	0		0	1900-01-01 12:00:00	-1	物品使用	0	0	0	0	0	0	0
2019-09-07 17:18:56	1	123456789	200005	2	108	1011	99	1	0	0		0	1900-01-01 12:00:00	99	任务奖励	0	0	0	0	0	0	0
2019-09-07 17:18:56	1	123456789	200005	2	109	1111	99	1	0	0		0	1900-01-01 12:00:00	99	任务奖励	0	0	0	0	0	0	0
2019-09-07 17:19:39	1	123456789	200005	5	110	1015101	1	1	0	0		0	1900-01-01 12:00:00	1	任务奖励	0	0	0	0	1	0	0
2019-09-07 17:19:41	1	123456789	200005	5	110	1015101	1	1	0	0		0	1900-01-01 12:00:00	0	客户端修改	0	0	0	0	1	0	0
2019-09-07 17:20:56	1	123456789	200005	8	111	1010101	1	1	0	0		0	1900-01-01 12:00:00	1	任务奖励	0	0	0	0	256	0	0
2019-09-07 17:20:58	1	123456789	200005	8	111	1010101	1	1	0	0		0	1900-01-01 12:00:00	0	客户端修改	0	0	0	0	256	0	0
2019-09-07 17:24:14	1	123456789	200006	2	112	1011	99	1	0	0		0	1900-01-01 12:00:00	99	任务奖励	0	0	0	0	0	0	0
2019-09-07 17:24:14	1	123456789	200006	2	113	1111	99	1	0	0		0	1900-01-01 12:00:00	99	任务奖励	0	0	0	0	0	0	0
2019-09-07 17:26:55	1	123456789	200007	2	114	1011	99	1	0	0		0	1900-01-01 12:00:00	99	任务奖励	0	0	0	0	0	0	0
2019-09-07 17:26:55	1	123456789	200007	2	115	1111	99	1	0	0		0	1900-01-01 12:00:00	99	任务奖励	0	0	0	0	0	0	0
2019-09-07 17:27:44	1	123456789	200007	5	116	1005101	1	1	0	0		0	1900-01-01 12:00:00	1	任务奖励	0	0	0	0	1	0	0
2019-09-07 17:30:54	1	123456789	200007	8	117	1000101	1	1	0	0		0	1900-01-01 12:00:00	1	任务奖励	0	0	0	0	256	0	0
2019-09-07 17:30:56	1	123456789	200007	8	117	1000101	1	1	0	0		0	1900-01-01 12:00:00	0	客户端修改	0	0	0	0	256	0	0
2019-09-07 17:31:19	1	123456789	200007	8	116	1005101	1	1	0	0		0	1900-01-01 12:00:00	0	客户端修改	0	0	0	0	1	0	0
2019-09-07 17:31:54	1	123456789	200007	11	118	4000	1	1	0	0		0	1900-01-01 12:00:00	1	任务奖励	0	0	0	0	0	0	0
2019-09-07 17:32:12	1	123456789	200007	12	119	2016	5	1	0	0		0	1900-01-01 12:00:00	5	任务奖励	0	0	0	0	0	0	0
2019-09-07 17:32:20	1	123456789	200007	12	119	2016	4	1	0	0		0	1900-01-01 12:00:00	-1	物品使用	0	0	0	0	0	0	0
2019-09-07 17:32:21	1	123456789	200007	12	119	2016	3	1	0	0		0	1900-01-01 12:00:00	-1	物品使用	0	0	0	0	0	0	0
2019-09-07 17:32:21	1	123456789	200007	12	119	2016	2	1	0	0		0	1900-01-01 12:00:00	-1	物品使用	0	0	0	0	0	0	0
2019-09-07 17:32:22	1	123456789	200007	12	119	2016	1	1	0	0		0	1900-01-01 12:00:00	-1	物品使用	0	0	0	0	0	0	0
2019-09-07 17:32:22	1	123456789	200007	12	119	2016	0	1	0	0		0	1900-01-01 12:00:00	-1	物品使用	0	0	0	0	0	0	0
2019-09-07 17:33:15	1	123456789	200007	13	120	1011	1	0	0	0		0	1900-01-01 12:00:00	1	杀怪掉落后手动拾取	0	0	0	0	0	0	0
2019-09-07 17:33:37	1	123456789	200007	15	121	1000001	1	1	0	0		0	1900-01-01 12:00:00	1	任务奖励	0	0	0	0	768	0	0
2019-09-07 17:33:37	1	123456789	200007	15	122	50016	1	1	0	0		-1000	1900-01-01 12:00:00	1	引导给物品到仓库	0	0	0	0	0	0	0
2019-09-07 17:33:39	1	123456789	200007	15	121	1000001	1	1	0	0		0	1900-01-01 12:00:00	0	客户端修改	0	0	0	0	768	0	0
2019-09-07 17:35:28	1	123456789	200007	19	123	1000201	1	1	0	0		0	1900-01-01 12:00:00	1	任务奖励	0	0	0	0	768	0	0
2019-09-07 17:35:29	1	123456789	200007	19	123	1000201	1	1	0	0		0	1900-01-01 12:00:00	0	客户端修改	0	0	0	0	768	0	0
2019-09-07 17:36:40	1	123456789	200007	22	115	1111	98	1	0	0		0	1900-01-01 12:00:00	-1	物品使用	0	0	0	0	0	0	0
2019-09-07 17:36:58	1	123456789	200007	22	115	1111	97	1	0	0		0	1900-01-01 12:00:00	-1	物品使用	0	0	0	0	0	0	0
2019-09-07 17:37:13	1	123456789	200007	25	124	1005101	1	1	0	0		0	1900-01-01 12:00:00	1	杀怪掉落后手动拾取	0	0	0	0	235	0	0
2019-09-07 17:37:13	1	123456789	200007	25	125	1025401	1	1	0	0		0	1900-01-01 12:00:00	1	杀怪掉落后手动拾取	0	0	0	0	235	0	0
2019-09-07 17:37:13	1	123456789	200007	25	126	1015101	1	1	0	0		0	1900-01-01 12:00:00	1	杀怪掉落后手动拾取	0	0	0	0	235	0	0
2019-09-07 17:37:19	1	123456789	200007	31	127	1000501	1	1	0	0		0	1900-01-01 12:00:00	1	任务奖励	0	0	0	0	3	0	0
2019-09-07 17:37:21	1	123456789	200007	31	127	1000501	1	1	0	0		0	1900-01-01 12:00:00	0	客户端修改	0	0	0	0	3	0	0
2019-09-07 17:37:21	1	123456789	200007	31	116	1005101	1	1	0	0		0	1900-01-01 12:00:00	0	客户端修改	0	0	0	76	1	0	0
2019-09-07 17:37:21	1	123456789	200007	31	124	1005101	1	1	0	0		0	1900-01-01 12:00:00	0	客户端修改	0	0	0	0	235	0	0
2019-09-07 17:37:43	1	123456789	200007	32	128	2016	5	1	0	0		0	1900-01-01 12:00:00	5	任务奖励	0	0	0	0	0	0	0
2019-09-07 17:39:12	1	123456789	200007	34	115	1111	96	1	0	0		0	1900-01-01 12:00:00	-1	物品使用	0	0	0	0	0	0	0
2019-09-07 17:39:43	1	123456789	200007	36	129	1000301	1	1	0	0		0	1900-01-01 12:00:00	1	任务奖励	0	0	0	0	768	0	0
2019-09-07 17:39:55	1	123456789	200007	36	129	1000301	1	1	0	0		0	1900-01-01 12:00:00	0	客户端修改	0	0	0	0	768	0	0
2019-09-07 17:40:07	1	123456789	200007	37	130	1011	99	1	0	0		0	1900-01-01 12:00:00	99	任务奖励	0	0	0	0	0	0	0
2019-09-07 17:40:07	1	123456789	200007	37	115	1111	99	1	0	0		0	1900-01-01 12:00:00	3	任务奖励	0	0	0	0	0	0	0
2019-09-07 17:40:07	1	123456789	200007	37	131	1111	96	1	0	0		0	1900-01-01 12:00:00	96	任务奖励	0	0	0	0	0	0	0
2019-09-07 17:40:42	1	123456789	200007	37	115	1111	98	1	0	0		0	1900-01-01 12:00:00	-1	物品使用	0	0	0	0	0	0	0
2019-09-07 17:40:57	1	123456789	200007	39	132	1000401	1	1	0	0		0	1900-01-01 12:00:00	1	任务奖励	0	0	0	0	768	0	0
2019-09-07 17:41:03	1	123456789	200007	39	132	1000401	1	1	0	0		0	1900-01-01 12:00:00	0	客户端修改	0	0	0	0	768	0	0
2019-09-07 17:41:28	1	123456789	200007	39	115	1111	97	1	0	0		0	1900-01-01 12:00:00	-1	物品使用	0	0	0	0	0	0	0
2019-09-07 17:42:16	1	123456789	200007	41	115	1111	96	1	0	0		0	1900-01-01 12:00:00	-1	物品使用	0	0	0	0	0	0	0
2019-09-07 17:42:40	1	123456789	200007	41	115	1111	95	1	0	0		0	1900-01-01 12:00:00	-1	物品使用	0	0	0	0	0	0	0
2019-09-07 17:42:56	1	123456789	200007	41	115	1111	94	1	0	0		0	1900-01-01 12:00:00	-1	物品使用	0	0	0	0	0	0	0
2019-09-07 17:43:20	1	123456789	200007	43	128	2016	10	1	0	0		0	1900-01-01 12:00:00	5	任务奖励	0	0	0	0	0	0	0
2019-09-07 17:43:44	1	123456789	200007	43	115	1111	93	1	0	0		0	1900-01-01 12:00:00	-1	物品使用	0	0	0	0	0	0	0
2019-09-07 17:44:08	1	123456789	200007	43	115	1111	92	1	0	0		0	1900-01-01 12:00:00	-1	物品使用	0	0	0	0	0	0	0
2019-09-07 17:44:54	1	123456789	200007	45	133	1000601	1	1	0	0		0	1900-01-01 12:00:00	1	任务奖励	0	0	0	0	768	0	0
2019-09-07 17:44:55	1	123456789	200007	45	133	1000601	1	1	0	0		0	1900-01-01 12:00:00	0	客户端修改	0	0	0	0	768	0	0
2019-09-07 17:45:21	1	123456789	200007	46	134	6001	1	1	0	0		0	1900-01-01 12:00:00	1	任务奖励	0	0	0	0	0	0	0
2019-09-07 17:45:21	1	123456789	200007	46	135	6002	1	1	0	0		0	1900-01-01 12:00:00	1	任务奖励	0	0	0	0	0	0	0
2019-09-07 17:45:21	1	123456789	200007	46	136	2000	1	1	0	0		0	1900-01-01 12:00:00	1	任务奖励	0	0	0	0	0	0	0
2019-09-07 17:45:27	1	123456789	200007	46	134	6001	0	1	0	0		0	1900-01-01 12:00:00	-1	物品使用	0	0	0	0	0	0	0
2019-09-07 17:45:27	1	123456789	200007	46	135	6002	0	1	0	0		0	1900-01-01 12:00:00	-1	物品使用	0	0	0	0	0	0	0
2019-09-07 17:45:27	1	123456789	200007	46	136	2000	0	1	0	0		0	1900-01-01 12:00:00	-1	物品使用	0	0	0	0	0	0	0
2019-09-07 17:45:27	1	123456789	200007	46	137	6000	1	1	0	0		0	1900-01-01 12:00:00	1	材料合成新物品	0	0	0	0	0	0	0
2019-09-07 17:46:06	1	123456789	200007	46	115	1111	91	1	0	0		0	1900-01-01 12:00:00	-1	物品使用	0	0	0	0	0	0	0
2019-09-07 17:46:29	1	123456789	200007	46	115	1111	90	1	0	0		0	1900-01-01 12:00:00	-1	物品使用	0	0	0	0	0	0	0
2019-09-07 17:46:48	1	123456789	200007	46	115	1111	89	1	0	0		0	1900-01-01 12:00:00	-1	物品使用	0	0	0	0	0	0	0
2019-09-07 17:47:06	1	123456789	200007	46	115	1111	88	1	0	0		0	1900-01-01 12:00:00	-1	物品使用	0	0	0	0	0	0	0
2019-09-07 17:47:08	1	123456789	200007	46	114	1011	98	1	0	0		0	1900-01-01 12:00:00	-1	物品使用	0	0	0	0	0	0	0
2019-09-07 17:47:22	1	123456789	200007	46	115	1111	87	1	0	0		0	1900-01-01 12:00:00	-1	物品使用	0	0	0	0	0	0	0
2019-09-07 17:47:43	1	123456789	200007	46	115	1111	86	1	0	0		0	1900-01-01 12:00:00	-1	物品使用	0	0	0	0	0	0	0
2019-09-07 17:47:50	1	123456789	200007	51	138	1000501	1	1	0	0		0	1900-01-01 12:00:00	1	杀怪掉落后手动拾取	0	0	0	0	235	0	0
2019-09-07 17:47:50	1	123456789	200007	51	139	1020501	1	1	0	0		0	1900-01-01 12:00:00	1	杀怪掉落后手动拾取	0	0	0	0	235	0	0
2019-09-07 17:47:51	1	123456789	200007	51	140	1010501	1	1	0	0		0	1900-01-01 12:00:00	1	杀怪掉落后手动拾取	0	0	0	0	235	0	0
2019-09-07 17:47:53	1	123456789	200007	51	127	1000501	1	1	0	0		0	1900-01-01 12:00:00	0	客户端修改	0	0	0	118	3	0	0
2019-09-07 17:47:53	1	123456789	200007	51	138	1000501	1	1	0	0		0	1900-01-01 12:00:00	0	客户端修改	0	0	0	0	235	0	0
2019-09-07 17:48:02	1	123456789	200007	52	141	1000601	1	1	0	0		0	1900-01-01 12:00:00	1	任务奖励	0	0	0	0	768	0	0
2019-09-07 17:48:04	1	123456789	200007	52	141	1000601	1	1	0	0		0	1900-01-01 12:00:00	0	客户端修改	0	0	0	0	768	0	0
2019-09-07 17:48:44	1	123456789	200007	53	115	1111	85	1	0	0		0	1900-01-01 12:00:00	-1	物品使用	0	0	0	0	0	0	0
2019-09-07 17:49:07	1	123456789	200007	53	115	1111	84	1	0	0		0	1900-01-01 12:00:00	-1	物品使用	0	0	0	0	0	0	0
2019-09-07 17:49:45	1	123456789	200007	54	115	1111	83	1	0	0		0	1900-01-01 12:00:00	-1	物品使用	0	0	0	0	0	0	0
2019-09-07 17:50:07	1	123456789	200007	54	115	1111	82	1	0	0		0	1900-01-01 12:00:00	-1	物品使用	0	0	0	0	0	0	0
2019-09-07 17:50:32	1	123456789	200007	54	115	1111	81	1	0	0		0	1900-01-01 12:00:00	-1	物品使用	0	0	0	0	0	0	0
2019-09-07 17:51:15	1	123456789	200007	57	115	1111	80	1	0	0		0	1900-01-01 12:00:00	-1	物品使用	0	0	0	0	0	0	0
2019-09-07 17:51:30	1	123456789	200007	57	115	1111	79	1	0	0		0	1900-01-01 12:00:00	-1	物品使用	0	0	0	0	0	0	0
2019-09-07 17:51:47	1	123456789	200007	57	115	1111	78	1	0	0		0	1900-01-01 12:00:00	-1	物品使用	0	0	0	0	0	0	0
2019-09-07 17:52:03	1	123456789	200007	57	115	1111	77	1	0	0		0	1900-01-01 12:00:00	-1	物品使用	0	0	0	0	0	0	0
2019-09-07 17:52:23	1	123456789	200007	57	115	1111	76	1	0	0		0	1900-01-01 12:00:00	-1	物品使用	0	0	0	0	0	0	0
2019-09-07 17:52:43	1	123456789	200007	57	115	1111	75	1	0	0		0	1900-01-01 12:00:00	-1	物品使用	0	0	0	0	0	0	0
2019-09-07 17:52:54	1	123456789	200007	58	142	1000101	1	1	0	0		0	1900-01-01 12:00:00	1	杀怪掉落后手动拾取	0	0	0	0	16128	0	0
2019-09-07 17:52:54	1	123456789	200007	58	143	1010101	1	1	0	0		0	1900-01-01 12:00:00	1	杀怪掉落后手动拾取	0	0	0	0	16128	0	0
2019-09-07 17:52:55	1	123456789	200007	58	144	1020101	1	1	0	0		0	1900-01-01 12:00:00	1	杀怪掉落后手动拾取	0	0	0	0	16128	0	0
2019-09-07 17:52:57	1	123456789	200007	58	117	1000101	1	1	0	0		0	1900-01-01 12:00:00	0	客户端修改	0	0	0	2	256	0	0
2019-09-07 17:52:57	1	123456789	200007	58	142	1000101	1	1	0	0		0	1900-01-01 12:00:00	0	客户端修改	0	0	0	0	16128	0	0
2019-09-07 17:53:04	1	123456789	200007	60	128	2016	15	1	0	0		0	1900-01-01 12:00:00	5	任务奖励	0	0	0	0	0	0	0
2019-09-07 17:53:26	1	123456789	200007	63	145	2001	3	1	0	0		0	1900-01-01 12:00:00	3	任务奖励	0	0	0	0	0	0	0
2019-09-07 17:53:51	1	123456789	200007	63	128	2016	20	1	0	0		0	1900-01-01 12:00:00	5	任务奖励	0	0	0	0	0	0	0
2019-09-07 17:54:13	1	123456789	200007	64	146	2017	5	1	0	0		0	1900-01-01 12:00:00	5	任务奖励	0	0	0	0	0	0	0
2019-09-07 17:54:59	1	123456789	200007	65	115	1111	74	1	0	0		0	1900-01-01 12:00:00	-1	物品使用	0	0	0	0	0	0	0
2019-09-07 17:55:13	1	123456789	200007	65	115	1111	73	1	0	0		0	1900-01-01 12:00:00	-1	物品使用	0	0	0	0	0	0	0
2019-09-07 17:55:29	1	123456789	200007	65	115	1111	72	1	0	0		0	1900-01-01 12:00:00	-1	物品使用	0	0	0	0	0	0	0
2019-09-07 17:55:46	1	123456789	200007	66	147	1005102	1	1	0	0		0	1900-01-01 12:00:00	1	任务奖励	0	0	0	0	3	0	0
2019-09-07 17:55:48	1	123456789	200007	66	124	1005101	1	1	0	0		0	1900-01-01 12:00:00	0	客户端修改	0	0	0	196	235	0	0
2019-09-07 17:55:48	1	123456789	200007	66	147	1005102	1	1	0	0		0	1900-01-01 12:00:00	0	客户端修改	0	0	0	0	3	0	0
2019-09-07 17:56:30	1	123456789	200007	68	115	1111	71	1	0	0		0	1900-01-01 12:00:00	-1	物品使用	0	0	0	0	0	0	0
2019-09-07 17:56:45	1	123456789	200007	68	115	1111	70	1	0	0		0	1900-01-01 12:00:00	-1	物品使用	0	0	0	0	0	0	0
2019-09-07 17:57:03	1	123456789	200007	68	115	1111	69	1	0	0		0	1900-01-01 12:00:00	-1	物品使用	0	0	0	0	0	0	0
2019-09-07 17:57:09	1	123456789	200007	68	148	1111	1	0	0	0		0	1900-01-01 12:00:00	1	杀怪掉落后手动拾取	0	0	0	0	0	0	0
2019-09-07 17:57:29	1	123456789	200007	70	149	1000102	1	1	0	0		0	1900-01-01 12:00:00	1	任务奖励	0	0	0	0	768	0	0
2019-09-07 17:57:33	1	123456789	200007	70	142	1000101	1	1	0	0		0	1900-01-01 12:00:00	0	客户端修改	0	0	0	0	16128	0	0
2019-09-07 17:57:33	1	123456789	200007	70	149	1000102	1	1	0	0		0	1900-01-01 12:00:00	0	客户端修改	0	0	0	0	768	0	0
2019-09-07 17:57:50	1	123456789	200007	70	115	1111	68	1	0	0		0	1900-01-01 12:00:00	-1	物品使用	0	0	0	0	0	0	0
2019-09-07 17:58:09	1	123456789	200007	70	115	1111	67	1	0	0		0	1900-01-01 12:00:00	-1	物品使用	0	0	0	0	0	0	0
2019-09-07 17:58:29	1	123456789	200007	70	115	1111	66	1	0	0		0	1900-01-01 12:00:00	-1	物品使用	0	0	0	0	0	0	0
2019-09-07 17:58:43	1	123456789	200007	70	115	1111	65	1	0	0		0	1900-01-01 12:00:00	-1	物品使用	0	0	0	0	0	0	0
2019-09-07 17:59:05	1	123456789	200007	70	114	1011	99	1	0	0		0	1900-01-01 12:00:00	1	任务奖励	0	0	0	0	0	0	0
2019-09-07 17:59:05	1	123456789	200007	70	150	1011	98	1	0	0		0	1900-01-01 12:00:00	98	任务奖励	0	0	0	0	0	0	0
2019-09-07 17:59:05	1	123456789	200007	70	115	1111	99	1	0	0		0	1900-01-01 12:00:00	34	任务奖励	0	0	0	0	0	0	0
2019-09-07 17:59:05	1	123456789	200007	70	131	1111	99	1	0	0		0	1900-01-01 12:00:00	3	任务奖励	0	0	0	0	0	0	0
2019-09-07 17:59:05	1	123456789	200007	70	151	1111	62	1	0	0		0	1900-01-01 12:00:00	62	任务奖励	0	0	0	0	0	0	0
2019-09-07 17:59:21	1	123456789	200007	71	152	1000002	1	1	0	0		0	1900-01-01 12:00:00	1	任务奖励	0	0	0	0	768	0	0
2019-09-07 17:59:28	1	123456789	200007	72	121	1000001	1	1	0	0		0	1900-01-01 12:00:00	0	客户端修改	0	0	0	4	768	0	0
2019-09-07 17:59:28	1	123456789	200007	72	152	1000002	1	1	0	0		0	1900-01-01 12:00:00	0	客户端修改	0	0	0	0	768	0	0
2019-09-07 17:59:56	1	123456789	200007	75	153	6004	1	1	0	0		0	1900-01-01 12:00:00	1	任务奖励	0	0	0	0	0	0	0
2019-09-07 17:59:56	1	123456789	200007	75	154	6005	1	1	0	0		0	1900-01-01 12:00:00	1	任务奖励	0	0	0	0	0	0	0
2019-09-07 17:59:56	1	123456789	200007	75	155	2000	1	1	0	0		0	1900-01-01 12:00:00	1	任务奖励	0	0	0	0	0	0	0
2019-09-07 18:00:02	1	123456789	200007	75	153	6004	0	1	0	0		0	1900-01-01 12:00:00	-1	物品使用	0	0	0	0	0	0	0
2019-09-07 18:00:02	1	123456789	200007	75	154	6005	0	1	0	0		0	1900-01-01 12:00:00	-1	物品使用	0	0	0	0	0	0	0
2019-09-07 18:00:02	1	123456789	200007	75	155	2000	0	1	0	0		0	1900-01-01 12:00:00	-1	物品使用	0	0	0	0	0	0	0
2019-09-07 18:00:02	1	123456789	200007	75	156	6003	1	1	0	0		0	1900-01-01 12:00:00	1	材料合成新物品	0	0	0	0	0	0	0
2019-09-07 18:00:43	1	123456789	200007	76	157	1000202	1	1	0	0		0	1900-01-01 12:00:00	1	任务奖励	0	0	0	0	768	0	0
2019-09-07 18:00:46	1	123456789	200007	78	123	1000201	1	1	0	0		0	1900-01-01 12:00:00	0	客户端修改	0	0	0	7	768	0	0
2019-09-07 18:00:46	1	123456789	200007	78	157	1000202	1	1	0	0		0	1900-01-01 12:00:00	0	客户端修改	0	0	0	0	768	0	0
2019-09-07 18:01:18	1	123456789	200007	78	115	1111	98	1	0	0		0	1900-01-01 12:00:00	-1	物品使用	0	0	0	0	0	0	0
2019-09-07 18:01:33	1	123456789	200007	78	115	1111	97	1	0	0		0	1900-01-01 12:00:00	-1	物品使用	0	0	0	0	0	0	0
2019-09-07 18:01:48	1	123456789	200007	78	115	1111	96	1	0	0		0	1900-01-01 12:00:00	-1	物品使用	0	0	0	0	0	0	0
2019-09-07 18:02:03	1	123456789	200007	78	115	1111	95	1	0	0		0	1900-01-01 12:00:00	-1	物品使用	0	0	0	0	0	0	0
2019-09-07 18:02:56	1	123456789	200007	80	115	1111	94	1	0	0		0	1900-01-01 12:00:00	-1	物品使用	0	0	0	0	0	0	0
2019-09-07 18:03:10	1	123456789	200007	80	115	1111	93	1	0	0		0	1900-01-01 12:00:00	-1	物品使用	0	0	0	0	0	0	0
2019-09-07 18:03:21	1	123456789	200007	80	115	1111	92	1	0	0		0	1900-01-01 12:00:00	-1	物品使用	0	0	0	0	0	0	0
