2019-09-12 12:00:36	1	1	1	12345678	200000	1	1	2	13952	93822	完成任务：1110
2019-09-12 12:01:19	1	1	1	12345678	200000	1	1	2	16044	109866	完成任务：1120
2019-09-12 14:28:49	1	1	1	test1	200009	50	1	0	30	90	完成成就ID：401
2019-09-12 14:28:49	1	1	1	test1	200009	105	1	0	150	350	完成成就ID：401
2019-09-12 14:29:54	1	1	1	12345678	200000	50	1	0	20	60	完成成就ID：200
2019-09-12 14:29:54	1	1	1	12345678	200000	105	1	0	50	200	完成成就ID：200
2019-09-12 14:29:54	1	1	1	12345678	200000	1	1	2	18451	128317	完成任务：1130
2019-09-12 14:30:06	1	1	1	12345678	200000	1	1	2	21219	149536	完成任务：1140
2019-09-12 14:31:46	1	1	1	12345678	200000	50	1	0	10	70	完成成就ID：900
2019-09-12 14:31:46	1	1	1	12345678	200000	105	1	0	10	210	完成成就ID：900
2019-09-12 14:31:49	1	1	1	12345678	200000	8	1	0	458	458	拾取金币
2019-09-12 14:31:49	1	1	1	12345678	200000	8	1	0	453	911	拾取金币
2019-09-12 14:31:49	1	1	1	12345678	200000	8	1	0	448	1359	拾取金币
2019-09-12 14:31:49	1	1	1	12345678	200000	8	1	0	485	1844	拾取金币
2019-09-12 14:32:21	1	1	1	12345678	200000	1	1	2	24401	173937	完成任务：1150
2019-09-12 14:32:21	1	1	1	12345678	200000	50	1	0	10	80	完成成就ID：2100
2019-09-12 14:32:21	1	1	1	12345678	200000	105	1	0	600	810	完成成就ID：2100
2019-09-12 14:44:47	1	1	1	test1	200009	50	1	0	10	100	完成成就ID：900
2019-09-12 14:44:47	1	1	1	test1	200009	105	1	0	10	360	完成成就ID：900
2019-09-12 15:00:32	1	1	1	test1	200009	1	1	2	24401	173937	完成任务：1150
2019-09-12 15:00:32	1	1	1	test1	200009	50	1	0	10	110	完成成就ID：2100
2019-09-12 15:00:32	1	1	1	test1	200009	105	1	0	600	960	完成成就ID：2100
2019-09-12 15:04:05	1	1	1	test1	200009	1	1	2	28061	201998	完成任务：1151
2019-09-12 15:13:26	1	1	1	12345678	200000	1	1	2	28061	201998	完成任务：1151
2019-09-12 15:15:02	1	1	1	12345678	200000	8	1	0	52	1896	拾取金币
2019-09-12 15:15:11	1	1	1	12345678	200000	1	1	2	32271	234269	完成任务：1160
2019-09-12 15:15:56	1	1	1	12345678	200000	1	1	2	37111	271380	完成任务：1170
2019-09-12 15:16:00	1	1	1	12345678	200000	1	1	2	42678	314058	完成任务：1180
2019-09-12 15:16:13	1	1	1	12345678	200000	1	1	2	49079	363137	完成任务：1181
2019-09-12 15:16:22	1	1	1	12345678	200000	1	1	2	56441	419578	完成任务：1190
2019-09-12 15:16:57	1	1	1	12345678	200000	1	1	2	64907	484485	完成任务：1200
