2017-03-04 00:00:10: ##exception##
System.Net.WebException: 无法连接到远程服务器 ---> System.Net.Sockets.SocketException: 由于目标计算机积极拒绝，无法连接。 127.0.0.1:80
   在 System.Net.Sockets.Socket.DoConnect(EndPoint endPointSnapshot, SocketAddress socketAddress)
   在 System.Net.ServicePoint.ConnectSocketInternal(Boolean connectFailure, Socket s4, Socket s6, Socket& socket, IPAddress& address, ConnectSocketState state, IAsyncResult asyncResult, Exception& exception)
   --- 内部异常堆栈跟踪的结尾 ---
   在 System.Net.HttpWebRequest.GetRequestStream(TransportContext& context)
   在 System.Net.HttpWebRequest.GetRequestStream()
   在 Tmsk.Tools.WebHelper.RequestByPost(String uri, Byte[] bytes, Int32& httpStatusCode, Int32 timeOut, Int32 readWriteTimeout) 位置 z:\server\GameServer\Tmsk.Contract\Tools\WebHelper.cs:行号 38   在 Tmsk.Tools.WebHelper.RequestByPost(String uri, Byte[] bytes, Int32 timeOut, Int32 readWriteTimeout) 位置 z:\server\GameServer\Tmsk.Contract\Tools\WebHelper.cs:行号 19
   在 KF.Remoting.KuaFuServerManager.UpdateDataFromServer() 位置 z:\server\GameServer\KF.CenterServer.Remoting\KuaFuServerManager.cs:行号 597
   在 KF.Remoting.KuaFuServerManager.<StartServerConfigThread>b__1() 位置 z:\server\GameServer\KF.CenterServer.Remoting\KuaFuServerManager.cs:行号 340
   在 System.Threading.ExecutionContext.RunInternal(ExecutionContext executionContext, ContextCallback callback, Object state, Boolean preserveSyncCtx)
   在 System.Threading.ExecutionContext.Run(ExecutionContext executionContext, ContextCallback callback, Object state, Boolean preserveSyncCtx)
   在 System.Threading.ExecutionContext.Run(ExecutionContext executionContext, ContextCallback callback, Object state)
   在 System.Threading.ThreadHelper.ThreadStart()

2017-03-04 01:00:01: ##exception##
System.Net.WebException: 无法连接到远程服务器 ---> System.Net.Sockets.SocketException: 由于目标计算机积极拒绝，无法连接。 127.0.0.1:80
   在 System.Net.Sockets.Socket.DoConnect(EndPoint endPointSnapshot, SocketAddress socketAddress)
   在 System.Net.ServicePoint.ConnectSocketInternal(Boolean connectFailure, Socket s4, Socket s6, Socket& socket, IPAddress& address, ConnectSocketState state, IAsyncResult asyncResult, Exception& exception)
   --- 内部异常堆栈跟踪的结尾 ---
   在 System.Net.HttpWebRequest.GetRequestStream(TransportContext& context)
   在 System.Net.HttpWebRequest.GetRequestStream()
   在 Tmsk.Tools.WebHelper.RequestByPost(String uri, Byte[] bytes, Int32& httpStatusCode, Int32 timeOut, Int32 readWriteTimeout) 位置 z:\server\GameServer\Tmsk.Contract\Tools\WebHelper.cs:行号 38   在 Tmsk.Tools.WebHelper.RequestByPost(String uri, Byte[] bytes, Int32 timeOut, Int32 readWriteTimeout) 位置 z:\server\GameServer\Tmsk.Contract\Tools\WebHelper.cs:行号 19
   在 KF.Remoting.KuaFuServerManager.UpdateDataFromServer() 位置 z:\server\GameServer\KF.CenterServer.Remoting\KuaFuServerManager.cs:行号 597
   在 KF.Remoting.KuaFuServerManager.<StartServerConfigThread>b__1() 位置 z:\server\GameServer\KF.CenterServer.Remoting\KuaFuServerManager.cs:行号 340
   在 System.Threading.ExecutionContext.RunInternal(ExecutionContext executionContext, ContextCallback callback, Object state, Boolean preserveSyncCtx)
   在 System.Threading.ExecutionContext.Run(ExecutionContext executionContext, ContextCallback callback, Object state, Boolean preserveSyncCtx)
   在 System.Threading.ExecutionContext.Run(ExecutionContext executionContext, ContextCallback callback, Object state)
   在 System.Threading.ThreadHelper.ThreadStart()

2017-03-04 02:00:14: ##exception##
System.Net.WebException: 无法连接到远程服务器 ---> System.Net.Sockets.SocketException: 由于目标计算机积极拒绝，无法连接。 127.0.0.1:80
   在 System.Net.Sockets.Socket.DoConnect(EndPoint endPointSnapshot, SocketAddress socketAddress)
   在 System.Net.ServicePoint.ConnectSocketInternal(Boolean connectFailure, Socket s4, Socket s6, Socket& socket, IPAddress& address, ConnectSocketState state, IAsyncResult asyncResult, Exception& exception)
   --- 内部异常堆栈跟踪的结尾 ---
   在 System.Net.HttpWebRequest.GetRequestStream(TransportContext& context)
   在 System.Net.HttpWebRequest.GetRequestStream()
   在 Tmsk.Tools.WebHelper.RequestByPost(String uri, Byte[] bytes, Int32& httpStatusCode, Int32 timeOut, Int32 readWriteTimeout) 位置 z:\server\GameServer\Tmsk.Contract\Tools\WebHelper.cs:行号 38   在 Tmsk.Tools.WebHelper.RequestByPost(String uri, Byte[] bytes, Int32 timeOut, Int32 readWriteTimeout) 位置 z:\server\GameServer\Tmsk.Contract\Tools\WebHelper.cs:行号 19
   在 KF.Remoting.KuaFuServerManager.UpdateDataFromServer() 位置 z:\server\GameServer\KF.CenterServer.Remoting\KuaFuServerManager.cs:行号 597
   在 KF.Remoting.KuaFuServerManager.<StartServerConfigThread>b__1() 位置 z:\server\GameServer\KF.CenterServer.Remoting\KuaFuServerManager.cs:行号 340
   在 System.Threading.ExecutionContext.RunInternal(ExecutionContext executionContext, ContextCallback callback, Object state, Boolean preserveSyncCtx)
   在 System.Threading.ExecutionContext.Run(ExecutionContext executionContext, ContextCallback callback, Object state, Boolean preserveSyncCtx)
   在 System.Threading.ExecutionContext.Run(ExecutionContext executionContext, ContextCallback callback, Object state)
   在 System.Threading.ThreadHelper.ThreadStart()

2017-03-04 03:00:05: ##exception##
System.Net.WebException: 无法连接到远程服务器 ---> System.Net.Sockets.SocketException: 由于目标计算机积极拒绝，无法连接。 127.0.0.1:80
   在 System.Net.Sockets.Socket.DoConnect(EndPoint endPointSnapshot, SocketAddress socketAddress)
   在 System.Net.ServicePoint.ConnectSocketInternal(Boolean connectFailure, Socket s4, Socket s6, Socket& socket, IPAddress& address, ConnectSocketState state, IAsyncResult asyncResult, Exception& exception)
   --- 内部异常堆栈跟踪的结尾 ---
   在 System.Net.HttpWebRequest.GetRequestStream(TransportContext& context)
   在 System.Net.HttpWebRequest.GetRequestStream()
   在 Tmsk.Tools.WebHelper.RequestByPost(String uri, Byte[] bytes, Int32& httpStatusCode, Int32 timeOut, Int32 readWriteTimeout) 位置 z:\server\GameServer\Tmsk.Contract\Tools\WebHelper.cs:行号 38   在 Tmsk.Tools.WebHelper.RequestByPost(String uri, Byte[] bytes, Int32 timeOut, Int32 readWriteTimeout) 位置 z:\server\GameServer\Tmsk.Contract\Tools\WebHelper.cs:行号 19
   在 KF.Remoting.KuaFuServerManager.UpdateDataFromServer() 位置 z:\server\GameServer\KF.CenterServer.Remoting\KuaFuServerManager.cs:行号 597
   在 KF.Remoting.KuaFuServerManager.<StartServerConfigThread>b__1() 位置 z:\server\GameServer\KF.CenterServer.Remoting\KuaFuServerManager.cs:行号 340
   在 System.Threading.ExecutionContext.RunInternal(ExecutionContext executionContext, ContextCallback callback, Object state, Boolean preserveSyncCtx)
   在 System.Threading.ExecutionContext.Run(ExecutionContext executionContext, ContextCallback callback, Object state, Boolean preserveSyncCtx)
   在 System.Threading.ExecutionContext.Run(ExecutionContext executionContext, ContextCallback callback, Object state)
   在 System.Threading.ThreadHelper.ThreadStart()

2017-03-04 03:00:17: ##exception##
MySql.Data.MySqlClient.MySqlException (0x80004005): Unknown column 'rname' in 'field list'
   在 Maticsoft.DBUtility.DbHelperMySQL.ExecuteReader(String strSQL, Boolean islog) 位置 z:\server\GameServer\KF.CenterServer.Remoting\DBUtility\DbHelperMySQL.cs:行号 571
   在 KF.Remoting.TianTiPersistence.ReloadTianTiRankDayList(List`1 tianTiRoleInfoDataList) 位置 z:\server\GameServer\KF.CenterServer.Remoting\TianTi\TianTiPersistence.cs:行号 149   在 KF.Remoting.TianTiPersistence.UpdateTianTiRankData(DateTime now, Boolean monthRank, Boolean force) 位置 z:\server\GameServer\KF.CenterServer.Remoting\TianTi\TianTiPersistence.cs:行号 337
   在 KF.Remoting.TianTiService.ThreadProc(Object state) 位置 z:\server\GameServer\KF.CenterServer.Remoting\TianTi\TianTiService.cs:行号 194
   在 System.Threading.ExecutionContext.RunInternal(ExecutionContext executionContext, ContextCallback callback, Object state, Boolean preserveSyncCtx)
   在 System.Threading.ExecutionContext.Run(ExecutionContext executionContext, ContextCallback callback, Object state, Boolean preserveSyncCtx)
   在 System.Threading.ExecutionContext.Run(ExecutionContext executionContext, ContextCallback callback, Object state)
   在 System.Threading.ThreadHelper.ThreadStart(Object obj)

2017-03-04 04:00:18: ##exception##
System.Net.WebException: 无法连接到远程服务器 ---> System.Net.Sockets.SocketException: 由于目标计算机积极拒绝，无法连接。 127.0.0.1:80
   在 System.Net.Sockets.Socket.DoConnect(EndPoint endPointSnapshot, SocketAddress socketAddress)
   在 System.Net.ServicePoint.ConnectSocketInternal(Boolean connectFailure, Socket s4, Socket s6, Socket& socket, IPAddress& address, ConnectSocketState state, IAsyncResult asyncResult, Exception& exception)
   --- 内部异常堆栈跟踪的结尾 ---
   在 System.Net.HttpWebRequest.GetRequestStream(TransportContext& context)
   在 System.Net.HttpWebRequest.GetRequestStream()
   在 Tmsk.Tools.WebHelper.RequestByPost(String uri, Byte[] bytes, Int32& httpStatusCode, Int32 timeOut, Int32 readWriteTimeout) 位置 z:\server\GameServer\Tmsk.Contract\Tools\WebHelper.cs:行号 38   在 Tmsk.Tools.WebHelper.RequestByPost(String uri, Byte[] bytes, Int32 timeOut, Int32 readWriteTimeout) 位置 z:\server\GameServer\Tmsk.Contract\Tools\WebHelper.cs:行号 19
   在 KF.Remoting.KuaFuServerManager.UpdateDataFromServer() 位置 z:\server\GameServer\KF.CenterServer.Remoting\KuaFuServerManager.cs:行号 597
   在 KF.Remoting.KuaFuServerManager.<StartServerConfigThread>b__1() 位置 z:\server\GameServer\KF.CenterServer.Remoting\KuaFuServerManager.cs:行号 340
   在 System.Threading.ExecutionContext.RunInternal(ExecutionContext executionContext, ContextCallback callback, Object state, Boolean preserveSyncCtx)
   在 System.Threading.ExecutionContext.Run(ExecutionContext executionContext, ContextCallback callback, Object state, Boolean preserveSyncCtx)
   在 System.Threading.ExecutionContext.Run(ExecutionContext executionContext, ContextCallback callback, Object state)
   在 System.Threading.ThreadHelper.ThreadStart()

2017-03-04 05:00:09: ##exception##
System.Net.WebException: 无法连接到远程服务器 ---> System.Net.Sockets.SocketException: 由于目标计算机积极拒绝，无法连接。 127.0.0.1:80
   在 System.Net.Sockets.Socket.DoConnect(EndPoint endPointSnapshot, SocketAddress socketAddress)
   在 System.Net.ServicePoint.ConnectSocketInternal(Boolean connectFailure, Socket s4, Socket s6, Socket& socket, IPAddress& address, ConnectSocketState state, IAsyncResult asyncResult, Exception& exception)
   --- 内部异常堆栈跟踪的结尾 ---
   在 System.Net.HttpWebRequest.GetRequestStream(TransportContext& context)
   在 System.Net.HttpWebRequest.GetRequestStream()
   在 Tmsk.Tools.WebHelper.RequestByPost(String uri, Byte[] bytes, Int32& httpStatusCode, Int32 timeOut, Int32 readWriteTimeout) 位置 z:\server\GameServer\Tmsk.Contract\Tools\WebHelper.cs:行号 38   在 Tmsk.Tools.WebHelper.RequestByPost(String uri, Byte[] bytes, Int32 timeOut, Int32 readWriteTimeout) 位置 z:\server\GameServer\Tmsk.Contract\Tools\WebHelper.cs:行号 19
   在 KF.Remoting.KuaFuServerManager.UpdateDataFromServer() 位置 z:\server\GameServer\KF.CenterServer.Remoting\KuaFuServerManager.cs:行号 597
   在 KF.Remoting.KuaFuServerManager.<StartServerConfigThread>b__1() 位置 z:\server\GameServer\KF.CenterServer.Remoting\KuaFuServerManager.cs:行号 340
   在 System.Threading.ExecutionContext.RunInternal(ExecutionContext executionContext, ContextCallback callback, Object state, Boolean preserveSyncCtx)
   在 System.Threading.ExecutionContext.Run(ExecutionContext executionContext, ContextCallback callback, Object state, Boolean preserveSyncCtx)
   在 System.Threading.ExecutionContext.Run(ExecutionContext executionContext, ContextCallback callback, Object state)
   在 System.Threading.ThreadHelper.ThreadStart()

2017-03-04 06:00:00: ##exception##
System.Net.WebException: 无法连接到远程服务器 ---> System.Net.Sockets.SocketException: 由于目标计算机积极拒绝，无法连接。 127.0.0.1:80
   在 System.Net.Sockets.Socket.DoConnect(EndPoint endPointSnapshot, SocketAddress socketAddress)
   在 System.Net.ServicePoint.ConnectSocketInternal(Boolean connectFailure, Socket s4, Socket s6, Socket& socket, IPAddress& address, ConnectSocketState state, IAsyncResult asyncResult, Exception& exception)
   --- 内部异常堆栈跟踪的结尾 ---
   在 System.Net.HttpWebRequest.GetRequestStream(TransportContext& context)
   在 System.Net.HttpWebRequest.GetRequestStream()
   在 Tmsk.Tools.WebHelper.RequestByPost(String uri, Byte[] bytes, Int32& httpStatusCode, Int32 timeOut, Int32 readWriteTimeout) 位置 z:\server\GameServer\Tmsk.Contract\Tools\WebHelper.cs:行号 38   在 Tmsk.Tools.WebHelper.RequestByPost(String uri, Byte[] bytes, Int32 timeOut, Int32 readWriteTimeout) 位置 z:\server\GameServer\Tmsk.Contract\Tools\WebHelper.cs:行号 19
   在 KF.Remoting.KuaFuServerManager.UpdateDataFromServer() 位置 z:\server\GameServer\KF.CenterServer.Remoting\KuaFuServerManager.cs:行号 597
   在 KF.Remoting.KuaFuServerManager.<StartServerConfigThread>b__1() 位置 z:\server\GameServer\KF.CenterServer.Remoting\KuaFuServerManager.cs:行号 340
   在 System.Threading.ExecutionContext.RunInternal(ExecutionContext executionContext, ContextCallback callback, Object state, Boolean preserveSyncCtx)
   在 System.Threading.ExecutionContext.Run(ExecutionContext executionContext, ContextCallback callback, Object state, Boolean preserveSyncCtx)
   在 System.Threading.ExecutionContext.Run(ExecutionContext executionContext, ContextCallback callback, Object state)
   在 System.Threading.ThreadHelper.ThreadStart()

2017-03-04 07:00:13: ##exception##
System.Net.WebException: 无法连接到远程服务器 ---> System.Net.Sockets.SocketException: 由于目标计算机积极拒绝，无法连接。 127.0.0.1:80
   在 System.Net.Sockets.Socket.DoConnect(EndPoint endPointSnapshot, SocketAddress socketAddress)
   在 System.Net.ServicePoint.ConnectSocketInternal(Boolean connectFailure, Socket s4, Socket s6, Socket& socket, IPAddress& address, ConnectSocketState state, IAsyncResult asyncResult, Exception& exception)
   --- 内部异常堆栈跟踪的结尾 ---
   在 System.Net.HttpWebRequest.GetRequestStream(TransportContext& context)
   在 System.Net.HttpWebRequest.GetRequestStream()
   在 Tmsk.Tools.WebHelper.RequestByPost(String uri, Byte[] bytes, Int32& httpStatusCode, Int32 timeOut, Int32 readWriteTimeout) 位置 z:\server\GameServer\Tmsk.Contract\Tools\WebHelper.cs:行号 38   在 Tmsk.Tools.WebHelper.RequestByPost(String uri, Byte[] bytes, Int32 timeOut, Int32 readWriteTimeout) 位置 z:\server\GameServer\Tmsk.Contract\Tools\WebHelper.cs:行号 19
   在 KF.Remoting.KuaFuServerManager.UpdateDataFromServer() 位置 z:\server\GameServer\KF.CenterServer.Remoting\KuaFuServerManager.cs:行号 597
   在 KF.Remoting.KuaFuServerManager.<StartServerConfigThread>b__1() 位置 z:\server\GameServer\KF.CenterServer.Remoting\KuaFuServerManager.cs:行号 340
   在 System.Threading.ExecutionContext.RunInternal(ExecutionContext executionContext, ContextCallback callback, Object state, Boolean preserveSyncCtx)
   在 System.Threading.ExecutionContext.Run(ExecutionContext executionContext, ContextCallback callback, Object state, Boolean preserveSyncCtx)
   在 System.Threading.ExecutionContext.Run(ExecutionContext executionContext, ContextCallback callback, Object state)
   在 System.Threading.ThreadHelper.ThreadStart()

2017-03-04 08:00:04: ##exception##
System.Net.WebException: 无法连接到远程服务器 ---> System.Net.Sockets.SocketException: 由于目标计算机积极拒绝，无法连接。 127.0.0.1:80
   在 System.Net.Sockets.Socket.DoConnect(EndPoint endPointSnapshot, SocketAddress socketAddress)
   在 System.Net.ServicePoint.ConnectSocketInternal(Boolean connectFailure, Socket s4, Socket s6, Socket& socket, IPAddress& address, ConnectSocketState state, IAsyncResult asyncResult, Exception& exception)
   --- 内部异常堆栈跟踪的结尾 ---
   在 System.Net.HttpWebRequest.GetRequestStream(TransportContext& context)
   在 System.Net.HttpWebRequest.GetRequestStream()
   在 Tmsk.Tools.WebHelper.RequestByPost(String uri, Byte[] bytes, Int32& httpStatusCode, Int32 timeOut, Int32 readWriteTimeout) 位置 z:\server\GameServer\Tmsk.Contract\Tools\WebHelper.cs:行号 38   在 Tmsk.Tools.WebHelper.RequestByPost(String uri, Byte[] bytes, Int32 timeOut, Int32 readWriteTimeout) 位置 z:\server\GameServer\Tmsk.Contract\Tools\WebHelper.cs:行号 19
   在 KF.Remoting.KuaFuServerManager.UpdateDataFromServer() 位置 z:\server\GameServer\KF.CenterServer.Remoting\KuaFuServerManager.cs:行号 597
   在 KF.Remoting.KuaFuServerManager.<StartServerConfigThread>b__1() 位置 z:\server\GameServer\KF.CenterServer.Remoting\KuaFuServerManager.cs:行号 340
   在 System.Threading.ExecutionContext.RunInternal(ExecutionContext executionContext, ContextCallback callback, Object state, Boolean preserveSyncCtx)
   在 System.Threading.ExecutionContext.Run(ExecutionContext executionContext, ContextCallback callback, Object state, Boolean preserveSyncCtx)
   在 System.Threading.ExecutionContext.Run(ExecutionContext executionContext, ContextCallback callback, Object state)
   在 System.Threading.ThreadHelper.ThreadStart()

2017-03-04 09:00:16: ##exception##
System.Net.WebException: 无法连接到远程服务器 ---> System.Net.Sockets.SocketException: 由于目标计算机积极拒绝，无法连接。 127.0.0.1:80
   在 System.Net.Sockets.Socket.DoConnect(EndPoint endPointSnapshot, SocketAddress socketAddress)
   在 System.Net.ServicePoint.ConnectSocketInternal(Boolean connectFailure, Socket s4, Socket s6, Socket& socket, IPAddress& address, ConnectSocketState state, IAsyncResult asyncResult, Exception& exception)
   --- 内部异常堆栈跟踪的结尾 ---
   在 System.Net.HttpWebRequest.GetRequestStream(TransportContext& context)
   在 System.Net.HttpWebRequest.GetRequestStream()
   在 Tmsk.Tools.WebHelper.RequestByPost(String uri, Byte[] bytes, Int32& httpStatusCode, Int32 timeOut, Int32 readWriteTimeout) 位置 z:\server\GameServer\Tmsk.Contract\Tools\WebHelper.cs:行号 38   在 Tmsk.Tools.WebHelper.RequestByPost(String uri, Byte[] bytes, Int32 timeOut, Int32 readWriteTimeout) 位置 z:\server\GameServer\Tmsk.Contract\Tools\WebHelper.cs:行号 19
   在 KF.Remoting.KuaFuServerManager.UpdateDataFromServer() 位置 z:\server\GameServer\KF.CenterServer.Remoting\KuaFuServerManager.cs:行号 597
   在 KF.Remoting.KuaFuServerManager.<StartServerConfigThread>b__1() 位置 z:\server\GameServer\KF.CenterServer.Remoting\KuaFuServerManager.cs:行号 340
   在 System.Threading.ExecutionContext.RunInternal(ExecutionContext executionContext, ContextCallback callback, Object state, Boolean preserveSyncCtx)
   在 System.Threading.ExecutionContext.Run(ExecutionContext executionContext, ContextCallback callback, Object state, Boolean preserveSyncCtx)
   在 System.Threading.ExecutionContext.Run(ExecutionContext executionContext, ContextCallback callback, Object state)
   在 System.Threading.ThreadHelper.ThreadStart()

2017-03-04 10:00:08: ##exception##
System.Net.WebException: 无法连接到远程服务器 ---> System.Net.Sockets.SocketException: 由于目标计算机积极拒绝，无法连接。 127.0.0.1:80
   在 System.Net.Sockets.Socket.DoConnect(EndPoint endPointSnapshot, SocketAddress socketAddress)
   在 System.Net.ServicePoint.ConnectSocketInternal(Boolean connectFailure, Socket s4, Socket s6, Socket& socket, IPAddress& address, ConnectSocketState state, IAsyncResult asyncResult, Exception& exception)
   --- 内部异常堆栈跟踪的结尾 ---
   在 System.Net.HttpWebRequest.GetRequestStream(TransportContext& context)
   在 System.Net.HttpWebRequest.GetRequestStream()
   在 Tmsk.Tools.WebHelper.RequestByPost(String uri, Byte[] bytes, Int32& httpStatusCode, Int32 timeOut, Int32 readWriteTimeout) 位置 z:\server\GameServer\Tmsk.Contract\Tools\WebHelper.cs:行号 38   在 Tmsk.Tools.WebHelper.RequestByPost(String uri, Byte[] bytes, Int32 timeOut, Int32 readWriteTimeout) 位置 z:\server\GameServer\Tmsk.Contract\Tools\WebHelper.cs:行号 19
   在 KF.Remoting.KuaFuServerManager.UpdateDataFromServer() 位置 z:\server\GameServer\KF.CenterServer.Remoting\KuaFuServerManager.cs:行号 597
   在 KF.Remoting.KuaFuServerManager.<StartServerConfigThread>b__1() 位置 z:\server\GameServer\KF.CenterServer.Remoting\KuaFuServerManager.cs:行号 340
   在 System.Threading.ExecutionContext.RunInternal(ExecutionContext executionContext, ContextCallback callback, Object state, Boolean preserveSyncCtx)
   在 System.Threading.ExecutionContext.Run(ExecutionContext executionContext, ContextCallback callback, Object state, Boolean preserveSyncCtx)
   在 System.Threading.ExecutionContext.Run(ExecutionContext executionContext, ContextCallback callback, Object state)
   在 System.Threading.ThreadHelper.ThreadStart()

2017-03-04 11:00:20: ##exception##
System.Net.WebException: 无法连接到远程服务器 ---> System.Net.Sockets.SocketException: 由于目标计算机积极拒绝，无法连接。 127.0.0.1:80
   在 System.Net.Sockets.Socket.DoConnect(EndPoint endPointSnapshot, SocketAddress socketAddress)
   在 System.Net.ServicePoint.ConnectSocketInternal(Boolean connectFailure, Socket s4, Socket s6, Socket& socket, IPAddress& address, ConnectSocketState state, IAsyncResult asyncResult, Exception& exception)
   --- 内部异常堆栈跟踪的结尾 ---
   在 System.Net.HttpWebRequest.GetRequestStream(TransportContext& context)
   在 System.Net.HttpWebRequest.GetRequestStream()
   在 Tmsk.Tools.WebHelper.RequestByPost(String uri, Byte[] bytes, Int32& httpStatusCode, Int32 timeOut, Int32 readWriteTimeout) 位置 z:\server\GameServer\Tmsk.Contract\Tools\WebHelper.cs:行号 38   在 Tmsk.Tools.WebHelper.RequestByPost(String uri, Byte[] bytes, Int32 timeOut, Int32 readWriteTimeout) 位置 z:\server\GameServer\Tmsk.Contract\Tools\WebHelper.cs:行号 19
   在 KF.Remoting.KuaFuServerManager.UpdateDataFromServer() 位置 z:\server\GameServer\KF.CenterServer.Remoting\KuaFuServerManager.cs:行号 597
   在 KF.Remoting.KuaFuServerManager.<StartServerConfigThread>b__1() 位置 z:\server\GameServer\KF.CenterServer.Remoting\KuaFuServerManager.cs:行号 340
   在 System.Threading.ExecutionContext.RunInternal(ExecutionContext executionContext, ContextCallback callback, Object state, Boolean preserveSyncCtx)
   在 System.Threading.ExecutionContext.Run(ExecutionContext executionContext, ContextCallback callback, Object state, Boolean preserveSyncCtx)
   在 System.Threading.ExecutionContext.Run(ExecutionContext executionContext, ContextCallback callback, Object state)
   在 System.Threading.ThreadHelper.ThreadStart()

2017-03-04 12:00:11: ##exception##
System.Net.WebException: 无法连接到远程服务器 ---> System.Net.Sockets.SocketException: 由于目标计算机积极拒绝，无法连接。 127.0.0.1:80
   在 System.Net.Sockets.Socket.DoConnect(EndPoint endPointSnapshot, SocketAddress socketAddress)
   在 System.Net.ServicePoint.ConnectSocketInternal(Boolean connectFailure, Socket s4, Socket s6, Socket& socket, IPAddress& address, ConnectSocketState state, IAsyncResult asyncResult, Exception& exception)
   --- 内部异常堆栈跟踪的结尾 ---
   在 System.Net.HttpWebRequest.GetRequestStream(TransportContext& context)
   在 System.Net.HttpWebRequest.GetRequestStream()
   在 Tmsk.Tools.WebHelper.RequestByPost(String uri, Byte[] bytes, Int32& httpStatusCode, Int32 timeOut, Int32 readWriteTimeout) 位置 z:\server\GameServer\Tmsk.Contract\Tools\WebHelper.cs:行号 38   在 Tmsk.Tools.WebHelper.RequestByPost(String uri, Byte[] bytes, Int32 timeOut, Int32 readWriteTimeout) 位置 z:\server\GameServer\Tmsk.Contract\Tools\WebHelper.cs:行号 19
   在 KF.Remoting.KuaFuServerManager.UpdateDataFromServer() 位置 z:\server\GameServer\KF.CenterServer.Remoting\KuaFuServerManager.cs:行号 597
   在 KF.Remoting.KuaFuServerManager.<StartServerConfigThread>b__1() 位置 z:\server\GameServer\KF.CenterServer.Remoting\KuaFuServerManager.cs:行号 340
   在 System.Threading.ExecutionContext.RunInternal(ExecutionContext executionContext, ContextCallback callback, Object state, Boolean preserveSyncCtx)
   在 System.Threading.ExecutionContext.Run(ExecutionContext executionContext, ContextCallback callback, Object state, Boolean preserveSyncCtx)
   在 System.Threading.ExecutionContext.Run(ExecutionContext executionContext, ContextCallback callback, Object state)
   在 System.Threading.ThreadHelper.ThreadStart()

2017-03-04 13:00:02: ##exception##
System.Net.WebException: 无法连接到远程服务器 ---> System.Net.Sockets.SocketException: 由于目标计算机积极拒绝，无法连接。 127.0.0.1:80
   在 System.Net.Sockets.Socket.DoConnect(EndPoint endPointSnapshot, SocketAddress socketAddress)
   在 System.Net.ServicePoint.ConnectSocketInternal(Boolean connectFailure, Socket s4, Socket s6, Socket& socket, IPAddress& address, ConnectSocketState state, IAsyncResult asyncResult, Exception& exception)
   --- 内部异常堆栈跟踪的结尾 ---
   在 System.Net.HttpWebRequest.GetRequestStream(TransportContext& context)
   在 System.Net.HttpWebRequest.GetRequestStream()
   在 Tmsk.Tools.WebHelper.RequestByPost(String uri, Byte[] bytes, Int32& httpStatusCode, Int32 timeOut, Int32 readWriteTimeout) 位置 z:\server\GameServer\Tmsk.Contract\Tools\WebHelper.cs:行号 38   在 Tmsk.Tools.WebHelper.RequestByPost(String uri, Byte[] bytes, Int32 timeOut, Int32 readWriteTimeout) 位置 z:\server\GameServer\Tmsk.Contract\Tools\WebHelper.cs:行号 19
   在 KF.Remoting.KuaFuServerManager.UpdateDataFromServer() 位置 z:\server\GameServer\KF.CenterServer.Remoting\KuaFuServerManager.cs:行号 597
   在 KF.Remoting.KuaFuServerManager.<StartServerConfigThread>b__1() 位置 z:\server\GameServer\KF.CenterServer.Remoting\KuaFuServerManager.cs:行号 340
   在 System.Threading.ExecutionContext.RunInternal(ExecutionContext executionContext, ContextCallback callback, Object state, Boolean preserveSyncCtx)
   在 System.Threading.ExecutionContext.Run(ExecutionContext executionContext, ContextCallback callback, Object state, Boolean preserveSyncCtx)
   在 System.Threading.ExecutionContext.Run(ExecutionContext executionContext, ContextCallback callback, Object state)
   在 System.Threading.ThreadHelper.ThreadStart()

2017-03-04 14:00:15: ##exception##
System.Net.WebException: 无法连接到远程服务器 ---> System.Net.Sockets.SocketException: 由于目标计算机积极拒绝，无法连接。 127.0.0.1:80
   在 System.Net.Sockets.Socket.DoConnect(EndPoint endPointSnapshot, SocketAddress socketAddress)
   在 System.Net.ServicePoint.ConnectSocketInternal(Boolean connectFailure, Socket s4, Socket s6, Socket& socket, IPAddress& address, ConnectSocketState state, IAsyncResult asyncResult, Exception& exception)
   --- 内部异常堆栈跟踪的结尾 ---
   在 System.Net.HttpWebRequest.GetRequestStream(TransportContext& context)
   在 System.Net.HttpWebRequest.GetRequestStream()
   在 Tmsk.Tools.WebHelper.RequestByPost(String uri, Byte[] bytes, Int32& httpStatusCode, Int32 timeOut, Int32 readWriteTimeout) 位置 z:\server\GameServer\Tmsk.Contract\Tools\WebHelper.cs:行号 38   在 Tmsk.Tools.WebHelper.RequestByPost(String uri, Byte[] bytes, Int32 timeOut, Int32 readWriteTimeout) 位置 z:\server\GameServer\Tmsk.Contract\Tools\WebHelper.cs:行号 19
   在 KF.Remoting.KuaFuServerManager.UpdateDataFromServer() 位置 z:\server\GameServer\KF.CenterServer.Remoting\KuaFuServerManager.cs:行号 597
   在 KF.Remoting.KuaFuServerManager.<StartServerConfigThread>b__1() 位置 z:\server\GameServer\KF.CenterServer.Remoting\KuaFuServerManager.cs:行号 340
   在 System.Threading.ExecutionContext.RunInternal(ExecutionContext executionContext, ContextCallback callback, Object state, Boolean preserveSyncCtx)
   在 System.Threading.ExecutionContext.Run(ExecutionContext executionContext, ContextCallback callback, Object state, Boolean preserveSyncCtx)
   在 System.Threading.ExecutionContext.Run(ExecutionContext executionContext, ContextCallback callback, Object state)
   在 System.Threading.ThreadHelper.ThreadStart()

2017-03-04 15:00:06: ##exception##
System.Net.WebException: 无法连接到远程服务器 ---> System.Net.Sockets.SocketException: 由于目标计算机积极拒绝，无法连接。 127.0.0.1:80
   在 System.Net.Sockets.Socket.DoConnect(EndPoint endPointSnapshot, SocketAddress socketAddress)
   在 System.Net.ServicePoint.ConnectSocketInternal(Boolean connectFailure, Socket s4, Socket s6, Socket& socket, IPAddress& address, ConnectSocketState state, IAsyncResult asyncResult, Exception& exception)
   --- 内部异常堆栈跟踪的结尾 ---
   在 System.Net.HttpWebRequest.GetRequestStream(TransportContext& context)
   在 System.Net.HttpWebRequest.GetRequestStream()
   在 Tmsk.Tools.WebHelper.RequestByPost(String uri, Byte[] bytes, Int32& httpStatusCode, Int32 timeOut, Int32 readWriteTimeout) 位置 z:\server\GameServer\Tmsk.Contract\Tools\WebHelper.cs:行号 38   在 Tmsk.Tools.WebHelper.RequestByPost(String uri, Byte[] bytes, Int32 timeOut, Int32 readWriteTimeout) 位置 z:\server\GameServer\Tmsk.Contract\Tools\WebHelper.cs:行号 19
   在 KF.Remoting.KuaFuServerManager.UpdateDataFromServer() 位置 z:\server\GameServer\KF.CenterServer.Remoting\KuaFuServerManager.cs:行号 597
   在 KF.Remoting.KuaFuServerManager.<StartServerConfigThread>b__1() 位置 z:\server\GameServer\KF.CenterServer.Remoting\KuaFuServerManager.cs:行号 340
   在 System.Threading.ExecutionContext.RunInternal(ExecutionContext executionContext, ContextCallback callback, Object state, Boolean preserveSyncCtx)
   在 System.Threading.ExecutionContext.Run(ExecutionContext executionContext, ContextCallback callback, Object state, Boolean preserveSyncCtx)
   在 System.Threading.ExecutionContext.Run(ExecutionContext executionContext, ContextCallback callback, Object state)
   在 System.Threading.ThreadHelper.ThreadStart()

2017-03-04 16:00:18: ##exception##
System.Net.WebException: 无法连接到远程服务器 ---> System.Net.Sockets.SocketException: 由于目标计算机积极拒绝，无法连接。 127.0.0.1:80
   在 System.Net.Sockets.Socket.DoConnect(EndPoint endPointSnapshot, SocketAddress socketAddress)
   在 System.Net.ServicePoint.ConnectSocketInternal(Boolean connectFailure, Socket s4, Socket s6, Socket& socket, IPAddress& address, ConnectSocketState state, IAsyncResult asyncResult, Exception& exception)
   --- 内部异常堆栈跟踪的结尾 ---
   在 System.Net.HttpWebRequest.GetRequestStream(TransportContext& context)
   在 System.Net.HttpWebRequest.GetRequestStream()
   在 Tmsk.Tools.WebHelper.RequestByPost(String uri, Byte[] bytes, Int32& httpStatusCode, Int32 timeOut, Int32 readWriteTimeout) 位置 z:\server\GameServer\Tmsk.Contract\Tools\WebHelper.cs:行号 38   在 Tmsk.Tools.WebHelper.RequestByPost(String uri, Byte[] bytes, Int32 timeOut, Int32 readWriteTimeout) 位置 z:\server\GameServer\Tmsk.Contract\Tools\WebHelper.cs:行号 19
   在 KF.Remoting.KuaFuServerManager.UpdateDataFromServer() 位置 z:\server\GameServer\KF.CenterServer.Remoting\KuaFuServerManager.cs:行号 597
   在 KF.Remoting.KuaFuServerManager.<StartServerConfigThread>b__1() 位置 z:\server\GameServer\KF.CenterServer.Remoting\KuaFuServerManager.cs:行号 340
   在 System.Threading.ExecutionContext.RunInternal(ExecutionContext executionContext, ContextCallback callback, Object state, Boolean preserveSyncCtx)
   在 System.Threading.ExecutionContext.Run(ExecutionContext executionContext, ContextCallback callback, Object state, Boolean preserveSyncCtx)
   在 System.Threading.ExecutionContext.Run(ExecutionContext executionContext, ContextCallback callback, Object state)
   在 System.Threading.ThreadHelper.ThreadStart()

2017-03-04 17:00:10: ##exception##
System.Net.WebException: 无法连接到远程服务器 ---> System.Net.Sockets.SocketException: 由于目标计算机积极拒绝，无法连接。 127.0.0.1:80
   在 System.Net.Sockets.Socket.DoConnect(EndPoint endPointSnapshot, SocketAddress socketAddress)
   在 System.Net.ServicePoint.ConnectSocketInternal(Boolean connectFailure, Socket s4, Socket s6, Socket& socket, IPAddress& address, ConnectSocketState state, IAsyncResult asyncResult, Exception& exception)
   --- 内部异常堆栈跟踪的结尾 ---
   在 System.Net.HttpWebRequest.GetRequestStream(TransportContext& context)
   在 System.Net.HttpWebRequest.GetRequestStream()
   在 Tmsk.Tools.WebHelper.RequestByPost(String uri, Byte[] bytes, Int32& httpStatusCode, Int32 timeOut, Int32 readWriteTimeout) 位置 z:\server\GameServer\Tmsk.Contract\Tools\WebHelper.cs:行号 38   在 Tmsk.Tools.WebHelper.RequestByPost(String uri, Byte[] bytes, Int32 timeOut, Int32 readWriteTimeout) 位置 z:\server\GameServer\Tmsk.Contract\Tools\WebHelper.cs:行号 19
   在 KF.Remoting.KuaFuServerManager.UpdateDataFromServer() 位置 z:\server\GameServer\KF.CenterServer.Remoting\KuaFuServerManager.cs:行号 597
   在 KF.Remoting.KuaFuServerManager.<StartServerConfigThread>b__1() 位置 z:\server\GameServer\KF.CenterServer.Remoting\KuaFuServerManager.cs:行号 340
   在 System.Threading.ExecutionContext.RunInternal(ExecutionContext executionContext, ContextCallback callback, Object state, Boolean preserveSyncCtx)
   在 System.Threading.ExecutionContext.Run(ExecutionContext executionContext, ContextCallback callback, Object state, Boolean preserveSyncCtx)
   在 System.Threading.ExecutionContext.Run(ExecutionContext executionContext, ContextCallback callback, Object state)
   在 System.Threading.ThreadHelper.ThreadStart()

2017-03-04 18:00:01: ##exception##
System.Net.WebException: 无法连接到远程服务器 ---> System.Net.Sockets.SocketException: 由于目标计算机积极拒绝，无法连接。 127.0.0.1:80
   在 System.Net.Sockets.Socket.DoConnect(EndPoint endPointSnapshot, SocketAddress socketAddress)
   在 System.Net.ServicePoint.ConnectSocketInternal(Boolean connectFailure, Socket s4, Socket s6, Socket& socket, IPAddress& address, ConnectSocketState state, IAsyncResult asyncResult, Exception& exception)
   --- 内部异常堆栈跟踪的结尾 ---
   在 System.Net.HttpWebRequest.GetRequestStream(TransportContext& context)
   在 System.Net.HttpWebRequest.GetRequestStream()
   在 Tmsk.Tools.WebHelper.RequestByPost(String uri, Byte[] bytes, Int32& httpStatusCode, Int32 timeOut, Int32 readWriteTimeout) 位置 z:\server\GameServer\Tmsk.Contract\Tools\WebHelper.cs:行号 38   在 Tmsk.Tools.WebHelper.RequestByPost(String uri, Byte[] bytes, Int32 timeOut, Int32 readWriteTimeout) 位置 z:\server\GameServer\Tmsk.Contract\Tools\WebHelper.cs:行号 19
   在 KF.Remoting.KuaFuServerManager.UpdateDataFromServer() 位置 z:\server\GameServer\KF.CenterServer.Remoting\KuaFuServerManager.cs:行号 597
   在 KF.Remoting.KuaFuServerManager.<StartServerConfigThread>b__1() 位置 z:\server\GameServer\KF.CenterServer.Remoting\KuaFuServerManager.cs:行号 340
   在 System.Threading.ExecutionContext.RunInternal(ExecutionContext executionContext, ContextCallback callback, Object state, Boolean preserveSyncCtx)
   在 System.Threading.ExecutionContext.Run(ExecutionContext executionContext, ContextCallback callback, Object state, Boolean preserveSyncCtx)
   在 System.Threading.ExecutionContext.Run(ExecutionContext executionContext, ContextCallback callback, Object state)
   在 System.Threading.ThreadHelper.ThreadStart()

2017-03-04 19:00:13: ##exception##
System.Net.WebException: 无法连接到远程服务器 ---> System.Net.Sockets.SocketException: 由于目标计算机积极拒绝，无法连接。 127.0.0.1:80
   在 System.Net.Sockets.Socket.DoConnect(EndPoint endPointSnapshot, SocketAddress socketAddress)
   在 System.Net.ServicePoint.ConnectSocketInternal(Boolean connectFailure, Socket s4, Socket s6, Socket& socket, IPAddress& address, ConnectSocketState state, IAsyncResult asyncResult, Exception& exception)
   --- 内部异常堆栈跟踪的结尾 ---
   在 System.Net.HttpWebRequest.GetRequestStream(TransportContext& context)
   在 System.Net.HttpWebRequest.GetRequestStream()
   在 Tmsk.Tools.WebHelper.RequestByPost(String uri, Byte[] bytes, Int32& httpStatusCode, Int32 timeOut, Int32 readWriteTimeout) 位置 z:\server\GameServer\Tmsk.Contract\Tools\WebHelper.cs:行号 38   在 Tmsk.Tools.WebHelper.RequestByPost(String uri, Byte[] bytes, Int32 timeOut, Int32 readWriteTimeout) 位置 z:\server\GameServer\Tmsk.Contract\Tools\WebHelper.cs:行号 19
   在 KF.Remoting.KuaFuServerManager.UpdateDataFromServer() 位置 z:\server\GameServer\KF.CenterServer.Remoting\KuaFuServerManager.cs:行号 597
   在 KF.Remoting.KuaFuServerManager.<StartServerConfigThread>b__1() 位置 z:\server\GameServer\KF.CenterServer.Remoting\KuaFuServerManager.cs:行号 340
   在 System.Threading.ExecutionContext.RunInternal(ExecutionContext executionContext, ContextCallback callback, Object state, Boolean preserveSyncCtx)
   在 System.Threading.ExecutionContext.Run(ExecutionContext executionContext, ContextCallback callback, Object state, Boolean preserveSyncCtx)
   在 System.Threading.ExecutionContext.Run(ExecutionContext executionContext, ContextCallback callback, Object state)
   在 System.Threading.ThreadHelper.ThreadStart()

2017-03-04 20:00:05: ##exception##
System.Net.WebException: 无法连接到远程服务器 ---> System.Net.Sockets.SocketException: 由于目标计算机积极拒绝，无法连接。 127.0.0.1:80
   在 System.Net.Sockets.Socket.DoConnect(EndPoint endPointSnapshot, SocketAddress socketAddress)
   在 System.Net.ServicePoint.ConnectSocketInternal(Boolean connectFailure, Socket s4, Socket s6, Socket& socket, IPAddress& address, ConnectSocketState state, IAsyncResult asyncResult, Exception& exception)
   --- 内部异常堆栈跟踪的结尾 ---
   在 System.Net.HttpWebRequest.GetRequestStream(TransportContext& context)
   在 System.Net.HttpWebRequest.GetRequestStream()
   在 Tmsk.Tools.WebHelper.RequestByPost(String uri, Byte[] bytes, Int32& httpStatusCode, Int32 timeOut, Int32 readWriteTimeout) 位置 z:\server\GameServer\Tmsk.Contract\Tools\WebHelper.cs:行号 38   在 Tmsk.Tools.WebHelper.RequestByPost(String uri, Byte[] bytes, Int32 timeOut, Int32 readWriteTimeout) 位置 z:\server\GameServer\Tmsk.Contract\Tools\WebHelper.cs:行号 19
   在 KF.Remoting.KuaFuServerManager.UpdateDataFromServer() 位置 z:\server\GameServer\KF.CenterServer.Remoting\KuaFuServerManager.cs:行号 597
   在 KF.Remoting.KuaFuServerManager.<StartServerConfigThread>b__1() 位置 z:\server\GameServer\KF.CenterServer.Remoting\KuaFuServerManager.cs:行号 340
   在 System.Threading.ExecutionContext.RunInternal(ExecutionContext executionContext, ContextCallback callback, Object state, Boolean preserveSyncCtx)
   在 System.Threading.ExecutionContext.Run(ExecutionContext executionContext, ContextCallback callback, Object state, Boolean preserveSyncCtx)
   在 System.Threading.ExecutionContext.Run(ExecutionContext executionContext, ContextCallback callback, Object state)
   在 System.Threading.ThreadHelper.ThreadStart()

2017-03-04 21:00:17: ##exception##
System.Net.WebException: 无法连接到远程服务器 ---> System.Net.Sockets.SocketException: 由于目标计算机积极拒绝，无法连接。 127.0.0.1:80
   在 System.Net.Sockets.Socket.DoConnect(EndPoint endPointSnapshot, SocketAddress socketAddress)
   在 System.Net.ServicePoint.ConnectSocketInternal(Boolean connectFailure, Socket s4, Socket s6, Socket& socket, IPAddress& address, ConnectSocketState state, IAsyncResult asyncResult, Exception& exception)
   --- 内部异常堆栈跟踪的结尾 ---
   在 System.Net.HttpWebRequest.GetRequestStream(TransportContext& context)
   在 System.Net.HttpWebRequest.GetRequestStream()
   在 Tmsk.Tools.WebHelper.RequestByPost(String uri, Byte[] bytes, Int32& httpStatusCode, Int32 timeOut, Int32 readWriteTimeout) 位置 z:\server\GameServer\Tmsk.Contract\Tools\WebHelper.cs:行号 38   在 Tmsk.Tools.WebHelper.RequestByPost(String uri, Byte[] bytes, Int32 timeOut, Int32 readWriteTimeout) 位置 z:\server\GameServer\Tmsk.Contract\Tools\WebHelper.cs:行号 19
   在 KF.Remoting.KuaFuServerManager.UpdateDataFromServer() 位置 z:\server\GameServer\KF.CenterServer.Remoting\KuaFuServerManager.cs:行号 597
   在 KF.Remoting.KuaFuServerManager.<StartServerConfigThread>b__1() 位置 z:\server\GameServer\KF.CenterServer.Remoting\KuaFuServerManager.cs:行号 340
   在 System.Threading.ExecutionContext.RunInternal(ExecutionContext executionContext, ContextCallback callback, Object state, Boolean preserveSyncCtx)
   在 System.Threading.ExecutionContext.Run(ExecutionContext executionContext, ContextCallback callback, Object state, Boolean preserveSyncCtx)
   在 System.Threading.ExecutionContext.Run(ExecutionContext executionContext, ContextCallback callback, Object state)
   在 System.Threading.ThreadHelper.ThreadStart()

2017-03-04 22:00:08: ##exception##
System.Net.WebException: 无法连接到远程服务器 ---> System.Net.Sockets.SocketException: 由于目标计算机积极拒绝，无法连接。 127.0.0.1:80
   在 System.Net.Sockets.Socket.DoConnect(EndPoint endPointSnapshot, SocketAddress socketAddress)
   在 System.Net.ServicePoint.ConnectSocketInternal(Boolean connectFailure, Socket s4, Socket s6, Socket& socket, IPAddress& address, ConnectSocketState state, IAsyncResult asyncResult, Exception& exception)
   --- 内部异常堆栈跟踪的结尾 ---
   在 System.Net.HttpWebRequest.GetRequestStream(TransportContext& context)
   在 System.Net.HttpWebRequest.GetRequestStream()
   在 Tmsk.Tools.WebHelper.RequestByPost(String uri, Byte[] bytes, Int32& httpStatusCode, Int32 timeOut, Int32 readWriteTimeout) 位置 z:\server\GameServer\Tmsk.Contract\Tools\WebHelper.cs:行号 38   在 Tmsk.Tools.WebHelper.RequestByPost(String uri, Byte[] bytes, Int32 timeOut, Int32 readWriteTimeout) 位置 z:\server\GameServer\Tmsk.Contract\Tools\WebHelper.cs:行号 19
   在 KF.Remoting.KuaFuServerManager.UpdateDataFromServer() 位置 z:\server\GameServer\KF.CenterServer.Remoting\KuaFuServerManager.cs:行号 597
   在 KF.Remoting.KuaFuServerManager.<StartServerConfigThread>b__1() 位置 z:\server\GameServer\KF.CenterServer.Remoting\KuaFuServerManager.cs:行号 340
   在 System.Threading.ExecutionContext.RunInternal(ExecutionContext executionContext, ContextCallback callback, Object state, Boolean preserveSyncCtx)
   在 System.Threading.ExecutionContext.Run(ExecutionContext executionContext, ContextCallback callback, Object state, Boolean preserveSyncCtx)
   在 System.Threading.ExecutionContext.Run(ExecutionContext executionContext, ContextCallback callback, Object state)
   在 System.Threading.ThreadHelper.ThreadStart()

2017-03-04 23:00:00: ##exception##
System.Net.WebException: 无法连接到远程服务器 ---> System.Net.Sockets.SocketException: 由于目标计算机积极拒绝，无法连接。 127.0.0.1:80
   在 System.Net.Sockets.Socket.DoConnect(EndPoint endPointSnapshot, SocketAddress socketAddress)
   在 System.Net.ServicePoint.ConnectSocketInternal(Boolean connectFailure, Socket s4, Socket s6, Socket& socket, IPAddress& address, ConnectSocketState state, IAsyncResult asyncResult, Exception& exception)
   --- 内部异常堆栈跟踪的结尾 ---
   在 System.Net.HttpWebRequest.GetRequestStream(TransportContext& context)
   在 System.Net.HttpWebRequest.GetRequestStream()
   在 Tmsk.Tools.WebHelper.RequestByPost(String uri, Byte[] bytes, Int32& httpStatusCode, Int32 timeOut, Int32 readWriteTimeout) 位置 z:\server\GameServer\Tmsk.Contract\Tools\WebHelper.cs:行号 38   在 Tmsk.Tools.WebHelper.RequestByPost(String uri, Byte[] bytes, Int32 timeOut, Int32 readWriteTimeout) 位置 z:\server\GameServer\Tmsk.Contract\Tools\WebHelper.cs:行号 19
   在 KF.Remoting.KuaFuServerManager.UpdateDataFromServer() 位置 z:\server\GameServer\KF.CenterServer.Remoting\KuaFuServerManager.cs:行号 597
   在 KF.Remoting.KuaFuServerManager.<StartServerConfigThread>b__1() 位置 z:\server\GameServer\KF.CenterServer.Remoting\KuaFuServerManager.cs:行号 340
   在 System.Threading.ExecutionContext.RunInternal(ExecutionContext executionContext, ContextCallback callback, Object state, Boolean preserveSyncCtx)
   在 System.Threading.ExecutionContext.Run(ExecutionContext executionContext, ContextCallback callback, Object state, Boolean preserveSyncCtx)
   在 System.Threading.ExecutionContext.Run(ExecutionContext executionContext, ContextCallback callback, Object state)
   在 System.Threading.ThreadHelper.ThreadStart()

